<?xml version="1.0" encoding="UTF-8"?>
<coverage generated="1542666135996" clover="3.2.0">
  <project timestamp="1542666135996" name="All files">
    <metrics statements="144" coveredstatements="144" conditionals="6" coveredconditionals="6" methods="71" coveredmethods="71" elements="221" coveredelements="221" complexity="0" loc="144" ncloc="144" packages="6" files="15" classes="15">
      <package name="src.api">
        <metrics statements="27" coveredstatements="27" conditionals="6" coveredconditionals="6" methods="12" coveredmethods="12"/>
        <file name="ServerAPI.js" path="/Users/dmaia/SourceCode/Courses/Udacity/React Developer/reactnd-project-flashcards/src/api/ServerAPI.js">
          <metrics statements="27" coveredstatements="27" conditionals="6" coveredconditionals="6" methods="12" coveredmethods="12"/>
          <line num="4" count="5" type="stmt"/>
          <line num="11" count="72" type="stmt"/>
          <line num="12" count="72" type="cond" truecount="2" falsecount="0"/>
          <line num="22" count="73" type="stmt"/>
          <line num="23" count="73" type="cond" truecount="4" falsecount="0"/>
          <line num="32" count="58" type="stmt"/>
          <line num="33" count="58" type="stmt"/>
          <line num="38" count="58" type="stmt"/>
          <line num="40" count="58" type="stmt"/>
          <line num="49" count="7" type="stmt"/>
          <line num="50" count="7" type="stmt"/>
          <line num="55" count="7" type="stmt"/>
          <line num="57" count="7" type="stmt"/>
          <line num="65" count="2" type="stmt"/>
          <line num="66" count="2" type="stmt"/>
          <line num="67" count="2" type="stmt"/>
          <line num="68" count="2" type="stmt"/>
          <line num="69" count="2" type="stmt"/>
          <line num="79" count="2" type="stmt"/>
          <line num="80" count="2" type="stmt"/>
          <line num="81" count="2" type="stmt"/>
          <line num="82" count="2" type="stmt"/>
          <line num="93" count="2" type="stmt"/>
          <line num="94" count="2" type="stmt"/>
          <line num="95" count="2" type="stmt"/>
          <line num="100" count="2" type="stmt"/>
          <line num="102" count="2" type="stmt"/>
        </file>
      </package>
      <package name="src.helpers">
        <metrics statements="5" coveredstatements="5" conditionals="0" coveredconditionals="0" methods="2" coveredmethods="2"/>
        <file name="normalize.js" path="/Users/dmaia/SourceCode/Courses/Udacity/React Developer/reactnd-project-flashcards/src/helpers/normalize.js">
          <metrics statements="5" coveredstatements="5" conditionals="0" coveredconditionals="0" methods="2" coveredmethods="2"/>
          <line num="6" count="8" type="stmt"/>
          <line num="8" count="8" type="stmt"/>
          <line num="9" count="18" type="stmt"/>
          <line num="11" count="18" type="stmt"/>
          <line num="14" count="8" type="stmt"/>
        </file>
      </package>
      <package name="src.store.modules">
        <metrics statements="105" coveredstatements="105" conditionals="0" coveredconditionals="0" methods="55" coveredmethods="55"/>
        <file name="app.js" path="/Users/dmaia/SourceCode/Courses/Udacity/React Developer/reactnd-project-flashcards/src/store/modules/app.js">
          <metrics statements="4" coveredstatements="4" conditionals="0" coveredconditionals="0" methods="3" coveredmethods="3"/>
          <line num="6" count="1" type="stmt"/>
          <line num="20" count="1" type="stmt"/>
          <line num="32" count="1" type="stmt"/>
          <line num="43" count="1" type="stmt"/>
        </file>
        <file name="decks.js" path="/Users/dmaia/SourceCode/Courses/Udacity/React Developer/reactnd-project-flashcards/src/store/modules/decks.js">
          <metrics statements="39" coveredstatements="39" conditionals="0" coveredconditionals="0" methods="24" coveredmethods="24"/>
          <line num="9" count="4" type="stmt"/>
          <line num="11" count="4" type="stmt"/>
          <line num="14" count="4" type="stmt"/>
          <line num="26" count="4" type="stmt"/>
          <line num="38" count="4" type="stmt"/>
          <line num="50" count="4" type="stmt"/>
          <line num="63" count="4" type="stmt"/>
          <line num="71" count="2" type="stmt"/>
          <line num="72" count="2" type="stmt"/>
          <line num="73" count="2" type="stmt"/>
          <line num="75" count="2" type="stmt"/>
          <line num="76" count="1" type="stmt"/>
          <line num="77" count="1" type="stmt"/>
          <line num="80" count="1" type="stmt"/>
          <line num="92" count="2" type="stmt"/>
          <line num="93" count="2" type="stmt"/>
          <line num="94" count="2" type="stmt"/>
          <line num="96" count="1" type="stmt"/>
          <line num="97" count="1" type="stmt"/>
          <line num="98" count="1" type="stmt"/>
          <line num="101" count="1" type="stmt"/>
          <line num="113" count="2" type="stmt"/>
          <line num="114" count="2" type="stmt"/>
          <line num="115" count="2" type="stmt"/>
          <line num="117" count="1" type="stmt"/>
          <line num="118" count="1" type="stmt"/>
          <line num="119" count="1" type="stmt"/>
          <line num="122" count="1" type="stmt"/>
          <line num="134" count="2" type="stmt"/>
          <line num="135" count="2" type="stmt"/>
          <line num="136" count="2" type="stmt"/>
          <line num="138" count="1" type="stmt"/>
          <line num="141" count="1" type="stmt"/>
          <line num="148" count="4" type="stmt"/>
          <line num="151" count="4" type="stmt"/>
          <line num="154" count="1" type="stmt"/>
          <line num="160" count="4" type="stmt"/>
          <line num="163" count="4" type="stmt"/>
          <line num="166" count="2" type="stmt"/>
        </file>
        <file name="questions.js" path="/Users/dmaia/SourceCode/Courses/Udacity/React Developer/reactnd-project-flashcards/src/store/modules/questions.js">
          <metrics statements="32" coveredstatements="32" conditionals="0" coveredconditionals="0" methods="17" coveredmethods="17"/>
          <line num="11" count="2" type="stmt"/>
          <line num="12" count="2" type="stmt"/>
          <line num="15" count="2" type="stmt"/>
          <line num="24" count="2" type="stmt"/>
          <line num="33" count="2" type="stmt"/>
          <line num="42" count="2" type="stmt"/>
          <line num="52" count="2" type="stmt"/>
          <line num="62" count="2" type="stmt"/>
          <line num="63" count="2" type="stmt"/>
          <line num="64" count="2" type="stmt"/>
          <line num="66" count="1" type="stmt"/>
          <line num="67" count="1" type="stmt"/>
          <line num="75" count="1" type="stmt"/>
          <line num="76" count="1" type="stmt"/>
          <line num="83" count="1" type="stmt"/>
          <line num="84" count="1" type="stmt"/>
          <line num="87" count="1" type="stmt"/>
          <line num="100" count="2" type="stmt"/>
          <line num="101" count="2" type="stmt"/>
          <line num="102" count="2" type="stmt"/>
          <line num="104" count="1" type="stmt"/>
          <line num="105" count="1" type="stmt"/>
          <line num="106" count="1" type="stmt"/>
          <line num="112" count="1" type="stmt"/>
          <line num="113" count="1" type="stmt"/>
          <line num="117" count="1" type="stmt"/>
          <line num="124" count="2" type="stmt"/>
          <line num="127" count="2" type="stmt"/>
          <line num="130" count="1" type="stmt"/>
          <line num="136" count="2" type="stmt"/>
          <line num="139" count="2" type="stmt"/>
          <line num="142" count="3" type="stmt"/>
        </file>
        <file name="quizzes.js" path="/Users/dmaia/SourceCode/Courses/Udacity/React Developer/reactnd-project-flashcards/src/store/modules/quizzes.js">
          <metrics statements="21" coveredstatements="21" conditionals="0" coveredconditionals="0" methods="8" coveredmethods="8"/>
          <line num="11" count="1" type="stmt"/>
          <line num="12" count="1" type="stmt"/>
          <line num="15" count="1" type="stmt"/>
          <line num="21" count="1" type="stmt"/>
          <line num="23" count="1" type="stmt"/>
          <line num="29" count="1" type="stmt"/>
          <line num="36" count="1" type="stmt"/>
          <line num="46" count="2" type="stmt"/>
          <line num="47" count="2" type="stmt"/>
          <line num="48" count="2" type="stmt"/>
          <line num="50" count="1" type="stmt"/>
          <line num="51" count="1" type="stmt"/>
          <line num="59" count="1" type="stmt"/>
          <line num="61" count="1" type="stmt"/>
          <line num="68" count="1" type="stmt"/>
          <line num="69" count="1" type="stmt"/>
          <line num="72" count="1" type="stmt"/>
          <line num="79" count="1" type="stmt"/>
          <line num="82" count="2" type="stmt"/>
          <line num="88" count="1" type="stmt"/>
          <line num="91" count="2" type="stmt"/>
        </file>
        <file name="theme.js" path="/Users/dmaia/SourceCode/Courses/Udacity/React Developer/reactnd-project-flashcards/src/store/modules/theme.js">
          <metrics statements="9" coveredstatements="9" conditionals="0" coveredconditionals="0" methods="3" coveredmethods="3"/>
          <line num="4" count="1" type="stmt"/>
          <line num="9" count="1" type="stmt"/>
          <line num="13" count="1" type="stmt"/>
          <line num="15" count="1" type="stmt"/>
          <line num="19" count="1" type="stmt"/>
          <line num="24" count="1" type="stmt"/>
          <line num="30" count="1" type="stmt"/>
          <line num="31" count="1" type="stmt"/>
          <line num="38" count="1" type="stmt"/>
        </file>
      </package>
      <package name="src.store.schemas">
        <metrics statements="4" coveredstatements="4" conditionals="0" coveredconditionals="0" methods="1" coveredmethods="1"/>
        <file name="decks.js" path="/Users/dmaia/SourceCode/Courses/Udacity/React Developer/reactnd-project-flashcards/src/store/schemas/decks.js">
          <metrics statements="2" coveredstatements="2" conditionals="0" coveredconditionals="0" methods="1" coveredmethods="1"/>
          <line num="5" count="4" type="stmt"/>
          <line num="11" count="14" type="stmt"/>
        </file>
        <file name="index.js" path="/Users/dmaia/SourceCode/Courses/Udacity/React Developer/reactnd-project-flashcards/src/store/schemas/index.js">
          <metrics statements="0" coveredstatements="0" conditionals="0" coveredconditionals="0" methods="0" coveredmethods="0"/>
        </file>
        <file name="questions.js" path="/Users/dmaia/SourceCode/Courses/Udacity/React Developer/reactnd-project-flashcards/src/store/schemas/questions.js">
          <metrics statements="1" coveredstatements="1" conditionals="0" coveredconditionals="0" methods="0" coveredmethods="0"/>
          <line num="4" count="4" type="stmt"/>
        </file>
        <file name="quizzes.js" path="/Users/dmaia/SourceCode/Courses/Udacity/React Developer/reactnd-project-flashcards/src/store/schemas/quizzes.js">
          <metrics statements="1" coveredstatements="1" conditionals="0" coveredconditionals="0" methods="0" coveredmethods="0"/>
          <line num="5" count="4" type="stmt"/>
        </file>
      </package>
      <package name="tests">
        <metrics statements="3" coveredstatements="3" conditionals="0" coveredconditionals="0" methods="1" coveredmethods="1"/>
        <file name="setup.js" path="/Users/dmaia/SourceCode/Courses/Udacity/React Developer/reactnd-project-flashcards/tests/setup.js">
          <metrics statements="3" coveredstatements="3" conditionals="0" coveredconditionals="0" methods="1" coveredmethods="1"/>
          <line num="3" count="6" type="stmt"/>
          <line num="4" count="5" type="stmt"/>
          <line num="5" count="5" type="stmt"/>
        </file>
      </package>
      <package name="tests.stubs">
        <metrics statements="0" coveredstatements="0" conditionals="0" coveredconditionals="0" methods="0" coveredmethods="0"/>
        <file name="deck.js" path="/Users/dmaia/SourceCode/Courses/Udacity/React Developer/reactnd-project-flashcards/tests/stubs/deck.js">
          <metrics statements="0" coveredstatements="0" conditionals="0" coveredconditionals="0" methods="0" coveredmethods="0"/>
        </file>
        <file name="question.js" path="/Users/dmaia/SourceCode/Courses/Udacity/React Developer/reactnd-project-flashcards/tests/stubs/question.js">
          <metrics statements="0" coveredstatements="0" conditionals="0" coveredconditionals="0" methods="0" coveredmethods="0"/>
        </file>
        <file name="quiz.js" path="/Users/dmaia/SourceCode/Courses/Udacity/React Developer/reactnd-project-flashcards/tests/stubs/quiz.js">
          <metrics statements="0" coveredstatements="0" conditionals="0" coveredconditionals="0" methods="0" coveredmethods="0"/>
        </file>
      </package>
    </metrics>
  </project>
</coverage>
