<?xml version="1.0" encoding="UTF-8"?>
<coverage generated="1542762724542" clover="3.2.0">
  <project timestamp="1542762724542" name="All files">
    <metrics statements="173" coveredstatements="167" conditionals="10" coveredconditionals="6" methods="93" coveredmethods="85" elements="276" coveredelements="258" complexity="0" loc="173" ncloc="173" packages="6" files="15" classes="15">
      <package name="src.api">
        <metrics statements="27" coveredstatements="27" conditionals="6" coveredconditionals="6" methods="12" coveredmethods="12"/>
        <file name="ServerAPI.js" path="/Users/dmaia/SourceCode/Courses/Udacity/React Developer/reactnd-project-flashcards/src/api/ServerAPI.js">
          <metrics statements="27" coveredstatements="27" conditionals="6" coveredconditionals="6" methods="12" coveredmethods="12"/>
          <line num="4" count="5" type="stmt"/>
          <line num="11" count="89" type="stmt"/>
          <line num="12" count="89" type="cond" truecount="2" falsecount="0"/>
          <line num="22" count="90" type="stmt"/>
          <line num="23" count="90" type="cond" truecount="4" falsecount="0"/>
          <line num="32" count="73" type="stmt"/>
          <line num="33" count="73" type="stmt"/>
          <line num="38" count="73" type="stmt"/>
          <line num="40" count="73" type="stmt"/>
          <line num="49" count="8" type="stmt"/>
          <line num="50" count="8" type="stmt"/>
          <line num="55" count="8" type="stmt"/>
          <line num="57" count="8" type="stmt"/>
          <line num="65" count="2" type="stmt"/>
          <line num="66" count="2" type="stmt"/>
          <line num="67" count="2" type="stmt"/>
          <line num="68" count="2" type="stmt"/>
          <line num="69" count="2" type="stmt"/>
          <line num="79" count="2" type="stmt"/>
          <line num="80" count="2" type="stmt"/>
          <line num="81" count="2" type="stmt"/>
          <line num="82" count="2" type="stmt"/>
          <line num="93" count="3" type="stmt"/>
          <line num="94" count="3" type="stmt"/>
          <line num="95" count="3" type="stmt"/>
          <line num="100" count="3" type="stmt"/>
          <line num="102" count="3" type="stmt"/>
        </file>
      </package>
      <package name="src.helpers">
        <metrics statements="5" coveredstatements="5" conditionals="0" coveredconditionals="0" methods="2" coveredmethods="2"/>
        <file name="normalize.js" path="/Users/dmaia/SourceCode/Courses/Udacity/React Developer/reactnd-project-flashcards/src/helpers/normalize.js">
          <metrics statements="5" coveredstatements="5" conditionals="0" coveredconditionals="0" methods="2" coveredmethods="2"/>
          <line num="6" count="12" type="stmt"/>
          <line num="8" count="12" type="stmt"/>
          <line num="9" count="30" type="stmt"/>
          <line num="11" count="30" type="stmt"/>
          <line num="14" count="12" type="stmt"/>
        </file>
      </package>
      <package name="src.store.modules">
        <metrics statements="134" coveredstatements="128" conditionals="4" coveredconditionals="0" methods="77" coveredmethods="69"/>
        <file name="app.js" path="/Users/dmaia/SourceCode/Courses/Udacity/React Developer/reactnd-project-flashcards/src/store/modules/app.js">
          <metrics statements="4" coveredstatements="4" conditionals="0" coveredconditionals="0" methods="3" coveredmethods="3"/>
          <line num="6" count="1" type="stmt"/>
          <line num="20" count="1" type="stmt"/>
          <line num="32" count="1" type="stmt"/>
          <line num="43" count="1" type="stmt"/>
        </file>
        <file name="decks.js" path="/Users/dmaia/SourceCode/Courses/Udacity/React Developer/reactnd-project-flashcards/src/store/modules/decks.js">
          <metrics statements="55" coveredstatements="52" conditionals="2" coveredconditionals="0" methods="33" coveredmethods="29"/>
          <line num="15" count="4" type="stmt"/>
          <line num="17" count="4" type="stmt"/>
          <line num="20" count="4" type="stmt"/>
          <line num="32" count="4" type="stmt"/>
          <line num="44" count="4" type="stmt"/>
          <line num="46" count="9" type="stmt"/>
          <line num="49" count="10" type="stmt"/>
          <line num="52" count="4" type="stmt"/>
          <line num="56" count="4" type="stmt"/>
          <line num="78" count="4" type="stmt"/>
          <line num="79" count="4" type="stmt"/>
          <line num="80" count="2" type="stmt"/>
          <line num="89" count="2" type="stmt"/>
          <line num="91" count="2" type="stmt"/>
          <line num="98" count="2" type="stmt"/>
          <line num="100" count="2" type="stmt"/>
          <line num="107" count="2" type="stmt"/>
          <line num="108" count="2" type="stmt"/>
          <line num="109" count="2" type="stmt"/>
          <line num="113" count="4" type="stmt"/>
          <line num="123" count="2" type="stmt"/>
          <line num="124" count="2" type="stmt"/>
          <line num="125" count="2" type="stmt"/>
          <line num="127" count="1" type="stmt"/>
          <line num="130" count="1" type="stmt"/>
          <line num="144" count="2" type="stmt"/>
          <line num="145" count="2" type="stmt"/>
          <line num="146" count="2" type="stmt"/>
          <line num="148" count="1" type="stmt"/>
          <line num="151" count="1" type="stmt"/>
          <line num="163" count="2" type="stmt"/>
          <line num="164" count="2" type="stmt"/>
          <line num="165" count="2" type="stmt"/>
          <line num="167" count="1" type="stmt"/>
          <line num="168" count="1" type="stmt"/>
          <line num="174" count="1" type="stmt"/>
          <line num="177" count="1" type="stmt"/>
          <line num="191" count="2" type="stmt"/>
          <line num="192" count="2" type="stmt"/>
          <line num="193" count="2" type="stmt"/>
          <line num="195" count="1" type="stmt"/>
          <line num="196" count="1" type="stmt"/>
          <line num="197" count="1" type="stmt"/>
          <line num="200" count="1" type="stmt"/>
          <line num="207" count="4" type="stmt"/>
          <line num="210" count="4" type="stmt"/>
          <line num="213" count="1" type="stmt"/>
          <line num="219" count="4" type="stmt"/>
          <line num="222" count="4" type="stmt"/>
          <line num="225" count="3" type="stmt"/>
          <line num="233" count="4" type="stmt"/>
          <line num="234" count="0" type="stmt"/>
          <line num="247" count="4" type="stmt"/>
          <line num="248" count="0" type="stmt"/>
          <line num="251" count="0" type="cond" truecount="0" falsecount="2"/>
        </file>
        <file name="questions.js" path="/Users/dmaia/SourceCode/Courses/Udacity/React Developer/reactnd-project-flashcards/src/store/modules/questions.js">
          <metrics statements="35" coveredstatements="35" conditionals="0" coveredconditionals="0" methods="20" coveredmethods="20"/>
          <line num="11" count="4" type="stmt"/>
          <line num="12" count="4" type="stmt"/>
          <line num="15" count="4" type="stmt"/>
          <line num="25" count="4" type="stmt"/>
          <line num="35" count="4" type="stmt"/>
          <line num="36" count="6" type="stmt"/>
          <line num="38" count="5" type="stmt"/>
          <line num="41" count="6" type="stmt"/>
          <line num="45" count="4" type="stmt"/>
          <line num="56" count="4" type="stmt"/>
          <line num="66" count="2" type="stmt"/>
          <line num="67" count="2" type="stmt"/>
          <line num="68" count="2" type="stmt"/>
          <line num="70" count="1" type="stmt"/>
          <line num="71" count="1" type="stmt"/>
          <line num="79" count="1" type="stmt"/>
          <line num="80" count="1" type="stmt"/>
          <line num="87" count="1" type="stmt"/>
          <line num="88" count="1" type="stmt"/>
          <line num="91" count="1" type="stmt"/>
          <line num="104" count="2" type="stmt"/>
          <line num="105" count="2" type="stmt"/>
          <line num="106" count="2" type="stmt"/>
          <line num="108" count="1" type="stmt"/>
          <line num="109" count="1" type="stmt"/>
          <line num="110" count="1" type="stmt"/>
          <line num="116" count="1" type="stmt"/>
          <line num="117" count="1" type="stmt"/>
          <line num="121" count="1" type="stmt"/>
          <line num="128" count="4" type="stmt"/>
          <line num="131" count="3" type="stmt"/>
          <line num="134" count="1" type="stmt"/>
          <line num="140" count="4" type="stmt"/>
          <line num="143" count="3" type="stmt"/>
          <line num="146" count="3" type="stmt"/>
        </file>
        <file name="quizzes.js" path="/Users/dmaia/SourceCode/Courses/Udacity/React Developer/reactnd-project-flashcards/src/store/modules/quizzes.js">
          <metrics statements="31" coveredstatements="28" conditionals="2" coveredconditionals="0" methods="18" coveredmethods="14"/>
          <line num="12" count="4" type="stmt"/>
          <line num="13" count="4" type="stmt"/>
          <line num="16" count="4" type="stmt"/>
          <line num="24" count="4" type="stmt"/>
          <line num="26" count="4" type="stmt"/>
          <line num="27" count="6" type="stmt"/>
          <line num="29" count="5" type="stmt"/>
          <line num="31" count="4" type="stmt"/>
          <line num="34" count="4" type="stmt"/>
          <line num="43" count="4" type="stmt"/>
          <line num="53" count="2" type="stmt"/>
          <line num="54" count="2" type="stmt"/>
          <line num="55" count="2" type="stmt"/>
          <line num="57" count="1" type="stmt"/>
          <line num="58" count="1" type="stmt"/>
          <line num="66" count="1" type="stmt"/>
          <line num="68" count="1" type="stmt"/>
          <line num="75" count="1" type="stmt"/>
          <line num="76" count="1" type="stmt"/>
          <line num="79" count="1" type="stmt"/>
          <line num="86" count="4" type="stmt"/>
          <line num="89" count="3" type="stmt"/>
          <line num="92" count="1" type="stmt"/>
          <line num="98" count="4" type="stmt"/>
          <line num="101" count="3" type="stmt"/>
          <line num="104" count="3" type="stmt"/>
          <line num="114" count="4" type="stmt"/>
          <line num="115" count="0" type="stmt"/>
          <line num="128" count="4" type="stmt"/>
          <line num="129" count="0" type="stmt"/>
          <line num="132" count="0" type="cond" truecount="0" falsecount="2"/>
        </file>
        <file name="themes.js" path="/Users/dmaia/SourceCode/Courses/Udacity/React Developer/reactnd-project-flashcards/src/store/modules/themes.js">
          <metrics statements="9" coveredstatements="9" conditionals="0" coveredconditionals="0" methods="3" coveredmethods="3"/>
          <line num="4" count="1" type="stmt"/>
          <line num="9" count="1" type="stmt"/>
          <line num="13" count="1" type="stmt"/>
          <line num="15" count="1" type="stmt"/>
          <line num="19" count="1" type="stmt"/>
          <line num="24" count="1" type="stmt"/>
          <line num="30" count="1" type="stmt"/>
          <line num="31" count="1" type="stmt"/>
          <line num="38" count="1" type="stmt"/>
        </file>
      </package>
      <package name="src.store.schemas">
        <metrics statements="4" coveredstatements="4" conditionals="0" coveredconditionals="0" methods="1" coveredmethods="1"/>
        <file name="decks.js" path="/Users/dmaia/SourceCode/Courses/Udacity/React Developer/reactnd-project-flashcards/src/store/schemas/decks.js">
          <metrics statements="2" coveredstatements="2" conditionals="0" coveredconditionals="0" methods="1" coveredmethods="1"/>
          <line num="5" count="4" type="stmt"/>
          <line num="11" count="16" type="stmt"/>
        </file>
        <file name="index.js" path="/Users/dmaia/SourceCode/Courses/Udacity/React Developer/reactnd-project-flashcards/src/store/schemas/index.js">
          <metrics statements="0" coveredstatements="0" conditionals="0" coveredconditionals="0" methods="0" coveredmethods="0"/>
        </file>
        <file name="questions.js" path="/Users/dmaia/SourceCode/Courses/Udacity/React Developer/reactnd-project-flashcards/src/store/schemas/questions.js">
          <metrics statements="1" coveredstatements="1" conditionals="0" coveredconditionals="0" methods="0" coveredmethods="0"/>
          <line num="4" count="4" type="stmt"/>
        </file>
        <file name="quizzes.js" path="/Users/dmaia/SourceCode/Courses/Udacity/React Developer/reactnd-project-flashcards/src/store/schemas/quizzes.js">
          <metrics statements="1" coveredstatements="1" conditionals="0" coveredconditionals="0" methods="0" coveredmethods="0"/>
          <line num="5" count="4" type="stmt"/>
        </file>
      </package>
      <package name="tests">
        <metrics statements="3" coveredstatements="3" conditionals="0" coveredconditionals="0" methods="1" coveredmethods="1"/>
        <file name="setup.js" path="/Users/dmaia/SourceCode/Courses/Udacity/React Developer/reactnd-project-flashcards/tests/setup.js">
          <metrics statements="3" coveredstatements="3" conditionals="0" coveredconditionals="0" methods="1" coveredmethods="1"/>
          <line num="3" count="6" type="stmt"/>
          <line num="4" count="5" type="stmt"/>
          <line num="5" count="5" type="stmt"/>
        </file>
      </package>
      <package name="tests.stubs">
        <metrics statements="0" coveredstatements="0" conditionals="0" coveredconditionals="0" methods="0" coveredmethods="0"/>
        <file name="deck.js" path="/Users/dmaia/SourceCode/Courses/Udacity/React Developer/reactnd-project-flashcards/tests/stubs/deck.js">
          <metrics statements="0" coveredstatements="0" conditionals="0" coveredconditionals="0" methods="0" coveredmethods="0"/>
        </file>
        <file name="question.js" path="/Users/dmaia/SourceCode/Courses/Udacity/React Developer/reactnd-project-flashcards/tests/stubs/question.js">
          <metrics statements="0" coveredstatements="0" conditionals="0" coveredconditionals="0" methods="0" coveredmethods="0"/>
        </file>
        <file name="quiz.js" path="/Users/dmaia/SourceCode/Courses/Udacity/React Developer/reactnd-project-flashcards/tests/stubs/quiz.js">
          <metrics statements="0" coveredstatements="0" conditionals="0" coveredconditionals="0" methods="0" coveredmethods="0"/>
        </file>
      </package>
    </metrics>
  </project>
</coverage>
