{"/Users/dmaia/SourceCode/Udacity/React Developer/reactnd-project-flashcards/src/api/ServerAPI.js": {"path":"/Users/dmaia/SourceCode/Udacity/React Developer/reactnd-project-flashcards/src/api/ServerAPI.js","statementMap":{"0":{"start":{"line":4,"column":20},"end":{"line":4,"column":41}},"1":{"start":{"line":11,"column":2},"end":{"line":13,"column":5}},"2":{"start":{"line":12,"column":4},"end":{"line":12,"column":40}},"3":{"start":{"line":22,"column":2},"end":{"line":24,"column":5}},"4":{"start":{"line":23,"column":4},"end":{"line":23,"column":87}},"5":{"start":{"line":32,"column":14},"end":{"line":32,"column":30}},"6":{"start":{"line":33,"column":16},"end":{"line":36,"column":3}},"7":{"start":{"line":38,"column":2},"end":{"line":38,"column":59}},"8":{"start":{"line":40,"column":2},"end":{"line":40,"column":24}},"9":{"start":{"line":49,"column":14},"end":{"line":49,"column":30}},"10":{"start":{"line":50,"column":16},"end":{"line":53,"column":3}},"11":{"start":{"line":55,"column":2},"end":{"line":55,"column":59}},"12":{"start":{"line":57,"column":2},"end":{"line":57,"column":24}},"13":{"start":{"line":65,"column":2},"end":{"line":70,"column":5}},"14":{"start":{"line":66,"column":17},"end":{"line":66,"column":36}},"15":{"start":{"line":67,"column":4},"end":{"line":67,"column":28}},"16":{"start":{"line":68,"column":4},"end":{"line":68,"column":23}},"17":{"start":{"line":69,"column":4},"end":{"line":69,"column":60}},"18":{"start":{"line":79,"column":2},"end":{"line":83,"column":5}},"19":{"start":{"line":80,"column":17},"end":{"line":80,"column":36}},"20":{"start":{"line":81,"column":4},"end":{"line":81,"column":77}},"21":{"start":{"line":81,"column":64},"end":{"line":81,"column":75}},"22":{"start":{"line":82,"column":4},"end":{"line":82,"column":60}},"23":{"start":{"line":93,"column":14},"end":{"line":93,"column":30}},"24":{"start":{"line":94,"column":18},"end":{"line":94,"column":49}},"25":{"start":{"line":95,"column":16},"end":{"line":98,"column":3}},"26":{"start":{"line":100,"column":2},"end":{"line":100,"column":59}},"27":{"start":{"line":102,"column":2},"end":{"line":102,"column":24}}},"fnMap":{"0":{"name":"getDecks","decl":{"start":{"line":10,"column":22},"end":{"line":10,"column":30}},"loc":{"start":{"line":10,"column":33},"end":{"line":14,"column":1}},"line":10},"1":{"name":"(anonymous_1)","decl":{"start":{"line":11,"column":48},"end":{"line":11,"column":49}},"loc":{"start":{"line":11,"column":58},"end":{"line":13,"column":3}},"line":11},"2":{"name":"getDeck","decl":{"start":{"line":21,"column":22},"end":{"line":21,"column":29}},"loc":{"start":{"line":21,"column":37},"end":{"line":25,"column":1}},"line":21},"3":{"name":"(anonymous_3)","decl":{"start":{"line":22,"column":48},"end":{"line":22,"column":49}},"loc":{"start":{"line":22,"column":58},"end":{"line":24,"column":3}},"line":22},"4":{"name":"saveDeck","decl":{"start":{"line":31,"column":22},"end":{"line":31,"column":30}},"loc":{"start":{"line":31,"column":38},"end":{"line":41,"column":1}},"line":31},"5":{"name":"saveCard","decl":{"start":{"line":48,"column":22},"end":{"line":48,"column":30}},"loc":{"start":{"line":48,"column":44},"end":{"line":58,"column":1}},"line":48},"6":{"name":"removeDeck","decl":{"start":{"line":64,"column":22},"end":{"line":64,"column":32}},"loc":{"start":{"line":64,"column":40},"end":{"line":71,"column":1}},"line":64},"7":{"name":"(anonymous_7)","decl":{"start":{"line":65,"column":48},"end":{"line":65,"column":49}},"loc":{"start":{"line":65,"column":61},"end":{"line":70,"column":3}},"line":65},"8":{"name":"removeCard","decl":{"start":{"line":78,"column":16},"end":{"line":78,"column":26}},"loc":{"start":{"line":78,"column":38},"end":{"line":84,"column":1}},"line":78},"9":{"name":"(anonymous_9)","decl":{"start":{"line":79,"column":48},"end":{"line":79,"column":49}},"loc":{"start":{"line":79,"column":61},"end":{"line":83,"column":3}},"line":79},"10":{"name":"(anonymous_10)","decl":{"start":{"line":81,"column":57},"end":{"line":81,"column":58}},"loc":{"start":{"line":81,"column":64},"end":{"line":81,"column":75}},"line":81},"11":{"name":"saveQuiz","decl":{"start":{"line":92,"column":22},"end":{"line":92,"column":30}},"loc":{"start":{"line":92,"column":44},"end":{"line":103,"column":1}},"line":92}},"branchMap":{"0":{"loc":{"start":{"line":12,"column":11},"end":{"line":12,"column":39}},"type":"cond-expr","locations":[{"start":{"line":12,"column":18},"end":{"line":12,"column":34}},{"start":{"line":12,"column":37},"end":{"line":12,"column":39}}],"line":12},"1":{"loc":{"start":{"line":23,"column":11},"end":{"line":23,"column":86}},"type":"cond-expr","locations":[{"start":{"line":23,"column":45},"end":{"line":23,"column":81}},{"start":{"line":23,"column":84},"end":{"line":23,"column":86}}],"line":23},"2":{"loc":{"start":{"line":23,"column":11},"end":{"line":23,"column":42}},"type":"binary-expr","locations":[{"start":{"line":23,"column":11},"end":{"line":23,"column":15}},{"start":{"line":23,"column":19},"end":{"line":23,"column":42}}],"line":23}},"s":{"0":5,"1":91,"2":91,"3":92,"4":92,"5":75,"6":75,"7":75,"8":75,"9":8,"10":8,"11":8,"12":8,"13":2,"14":2,"15":2,"16":2,"17":2,"18":2,"19":2,"20":2,"21":2,"22":2,"23":3,"24":3,"25":3,"26":3,"27":3},"f":{"0":91,"1":91,"2":92,"3":92,"4":75,"5":8,"6":2,"7":2,"8":2,"9":2,"10":2,"11":3},"b":{"0":[86,5],"1":[91,1],"2":[92,92]},"_coverageSchema":"332fd63041d2c1bcb487cc26dd0d5f7d97098a6c","hash":"81cb13035518bf047cc3d079013ad165ca3fb64f"}
,"/Users/dmaia/SourceCode/Udacity/React Developer/reactnd-project-flashcards/src/helpers/normalize.js": {"path":"/Users/dmaia/SourceCode/Udacity/React Developer/reactnd-project-flashcards/src/helpers/normalize.js","statementMap":{"0":{"start":{"line":6,"column":23},"end":{"line":6,"column":46}},"1":{"start":{"line":8,"column":19},"end":{"line":12,"column":10}},"2":{"start":{"line":9,"column":17},"end":{"line":9,"column":39}},"3":{"start":{"line":11,"column":6},"end":{"line":11,"column":72}},"4":{"start":{"line":14,"column":4},"end":{"line":14,"column":18}}},"fnMap":{"0":{"name":"(anonymous_0)","decl":{"start":{"line":5,"column":9},"end":{"line":5,"column":10}},"loc":{"start":{"line":5,"column":38},"end":{"line":15,"column":3}},"line":5},"1":{"name":"(anonymous_1)","decl":{"start":{"line":8,"column":33},"end":{"line":8,"column":34}},"loc":{"start":{"line":8,"column":49},"end":{"line":12,"column":5}},"line":8}},"branchMap":{},"s":{"0":12,"1":12,"2":30,"3":30,"4":12},"f":{"0":12,"1":30},"b":{},"_coverageSchema":"332fd63041d2c1bcb487cc26dd0d5f7d97098a6c","hash":"ca5e44ccd4c4c36adb3a0837efbd396f9c70dc8f"}
,"/Users/dmaia/SourceCode/Udacity/React Developer/reactnd-project-flashcards/src/store/modules/app.js": {"path":"/Users/dmaia/SourceCode/Udacity/React Developer/reactnd-project-flashcards/src/store/modules/app.js","statementMap":{"0":{"start":{"line":6,"column":22},"end":{"line":10,"column":2}},"1":{"start":{"line":20,"column":20},"end":{"line":25,"column":5}},"2":{"start":{"line":32,"column":20},"end":{"line":36,"column":5}},"3":{"start":{"line":43,"column":33},"end":{"line":48,"column":5}}},"fnMap":{"0":{"name":"(anonymous_0)","decl":{"start":{"line":20,"column":8},"end":{"line":20,"column":9}},"loc":{"start":{"line":20,"column":20},"end":{"line":25,"column":5}},"line":20},"1":{"name":"(anonymous_1)","decl":{"start":{"line":32,"column":8},"end":{"line":32,"column":9}},"loc":{"start":{"line":32,"column":20},"end":{"line":36,"column":5}},"line":32},"2":{"name":"(anonymous_2)","decl":{"start":{"line":43,"column":8},"end":{"line":43,"column":9}},"loc":{"start":{"line":43,"column":33},"end":{"line":48,"column":5}},"line":43}},"branchMap":{},"s":{"0":1,"1":1,"2":1,"3":1},"f":{"0":1,"1":1,"2":1},"b":{},"_coverageSchema":"332fd63041d2c1bcb487cc26dd0d5f7d97098a6c","hash":"6005f036beb7716dd11ffa2d77d64b9ad605563d"}
,"/Users/dmaia/SourceCode/Udacity/React Developer/reactnd-project-flashcards/src/store/modules/decks.js": {"path":"/Users/dmaia/SourceCode/Udacity/React Developer/reactnd-project-flashcards/src/store/modules/decks.js","statementMap":{"0":{"start":{"line":15,"column":33},"end":{"line":15,"column":46}},"1":{"start":{"line":17,"column":26},"end":{"line":17,"column":39}},"2":{"start":{"line":20,"column":21},"end":{"line":30,"column":1}},"3":{"start":{"line":32,"column":24},"end":{"line":32,"column":28}},"4":{"start":{"line":44,"column":4},"end":{"line":54,"column":2}},"5":{"start":{"line":46,"column":42},"end":{"line":46,"column":56}},"6":{"start":{"line":49,"column":40},"end":{"line":49,"column":58}},"7":{"start":{"line":52,"column":35},"end":{"line":52,"column":41}},"8":{"start":{"line":56,"column":23},"end":{"line":66,"column":1}},"9":{"start":{"line":78,"column":28},"end":{"line":110,"column":1}},"10":{"start":{"line":79,"column":19},"end":{"line":79,"column":60}},"11":{"start":{"line":79,"column":50},"end":{"line":79,"column":59}},"12":{"start":{"line":80,"column":57},"end":{"line":87,"column":3}},"13":{"start":{"line":89,"column":2},"end":{"line":89,"column":67}},"14":{"start":{"line":89,"column":51},"end":{"line":89,"column":65}},"15":{"start":{"line":91,"column":49},"end":{"line":96,"column":3}},"16":{"start":{"line":98,"column":2},"end":{"line":98,"column":63}},"17":{"start":{"line":98,"column":49},"end":{"line":98,"column":61}},"18":{"start":{"line":100,"column":49},"end":{"line":105,"column":3}},"19":{"start":{"line":107,"column":2},"end":{"line":107,"column":49}},"20":{"start":{"line":108,"column":2},"end":{"line":108,"column":58}},"21":{"start":{"line":109,"column":2},"end":{"line":109,"column":56}},"22":{"start":{"line":113,"column":24},"end":{"line":204,"column":1}},"23":{"start":{"line":123,"column":4},"end":{"line":132,"column":6}},"24":{"start":{"line":124,"column":6},"end":{"line":124,"column":39}},"25":{"start":{"line":125,"column":6},"end":{"line":131,"column":11}},"26":{"start":{"line":127,"column":10},"end":{"line":127,"column":46}},"27":{"start":{"line":130,"column":10},"end":{"line":130,"column":48}},"28":{"start":{"line":144,"column":4},"end":{"line":153,"column":6}},"29":{"start":{"line":145,"column":6},"end":{"line":145,"column":39}},"30":{"start":{"line":146,"column":6},"end":{"line":152,"column":11}},"31":{"start":{"line":148,"column":10},"end":{"line":148,"column":46}},"32":{"start":{"line":151,"column":10},"end":{"line":151,"column":48}},"33":{"start":{"line":163,"column":4},"end":{"line":179,"column":6}},"34":{"start":{"line":164,"column":6},"end":{"line":164,"column":38}},"35":{"start":{"line":165,"column":6},"end":{"line":178,"column":11}},"36":{"start":{"line":167,"column":29},"end":{"line":167,"column":70}},"37":{"start":{"line":167,"column":60},"end":{"line":167,"column":69}},"38":{"start":{"line":168,"column":36},"end":{"line":173,"column":11}},"39":{"start":{"line":174,"column":10},"end":{"line":174,"column":55}},"40":{"start":{"line":177,"column":10},"end":{"line":177,"column":47}},"41":{"start":{"line":191,"column":4},"end":{"line":202,"column":6}},"42":{"start":{"line":192,"column":6},"end":{"line":192,"column":40}},"43":{"start":{"line":193,"column":6},"end":{"line":201,"column":11}},"44":{"start":{"line":195,"column":10},"end":{"line":195,"column":54}},"45":{"start":{"line":196,"column":10},"end":{"line":196,"column":66}},"46":{"start":{"line":197,"column":10},"end":{"line":197,"column":60}},"47":{"start":{"line":200,"column":10},"end":{"line":200,"column":49}},"48":{"start":{"line":207,"column":19},"end":{"line":217,"column":1}},"49":{"start":{"line":210,"column":6},"end":{"line":210,"column":51}},"50":{"start":{"line":213,"column":6},"end":{"line":213,"column":50}},"51":{"start":{"line":219,"column":12},"end":{"line":229,"column":1}},"52":{"start":{"line":222,"column":6},"end":{"line":222,"column":40}},"53":{"start":{"line":225,"column":6},"end":{"line":225,"column":53}},"54":{"start":{"line":225,"column":34},"end":{"line":225,"column":51}},"55":{"start":{"line":233,"column":30},"end":{"line":238,"column":1}},"56":{"start":{"line":234,"column":2},"end":{"line":237,"column":4}},"57":{"start":{"line":247,"column":15},"end":{"line":252,"column":1}},"58":{"start":{"line":250,"column":4},"end":{"line":250,"column":66}},"59":{"start":{"line":250,"column":54},"end":{"line":250,"column":63}},"60":{"start":{"line":254,"column":25},"end":{"line":256,"column":1}}},"fnMap":{"0":{"name":"(anonymous_0)","decl":{"start":{"line":46,"column":25},"end":{"line":46,"column":26}},"loc":{"start":{"line":46,"column":42},"end":{"line":46,"column":56}},"line":46},"1":{"name":"(anonymous_1)","decl":{"start":{"line":49,"column":24},"end":{"line":49,"column":25}},"loc":{"start":{"line":49,"column":40},"end":{"line":49,"column":58}},"line":49},"2":{"name":"(anonymous_2)","decl":{"start":{"line":52,"column":26},"end":{"line":52,"column":27}},"loc":{"start":{"line":52,"column":35},"end":{"line":52,"column":41}},"line":52},"3":{"name":"(anonymous_3)","decl":{"start":{"line":78,"column":28},"end":{"line":78,"column":29}},"loc":{"start":{"line":78,"column":48},"end":{"line":110,"column":1}},"line":78},"4":{"name":"(anonymous_4)","decl":{"start":{"line":79,"column":41},"end":{"line":79,"column":42}},"loc":{"start":{"line":79,"column":50},"end":{"line":79,"column":59}},"line":79},"5":{"name":"(anonymous_5)","decl":{"start":{"line":89,"column":42},"end":{"line":89,"column":43}},"loc":{"start":{"line":89,"column":51},"end":{"line":89,"column":65}},"line":89},"6":{"name":"(anonymous_6)","decl":{"start":{"line":98,"column":40},"end":{"line":98,"column":41}},"loc":{"start":{"line":98,"column":49},"end":{"line":98,"column":61}},"line":98},"7":{"name":"(anonymous_7)","decl":{"start":{"line":122,"column":9},"end":{"line":122,"column":10}},"loc":{"start":{"line":122,"column":15},"end":{"line":133,"column":3}},"line":122},"8":{"name":"(anonymous_8)","decl":{"start":{"line":123,"column":11},"end":{"line":123,"column":12}},"loc":{"start":{"line":123,"column":25},"end":{"line":132,"column":5}},"line":123},"9":{"name":"(anonymous_9)","decl":{"start":{"line":126,"column":14},"end":{"line":126,"column":15}},"loc":{"start":{"line":126,"column":24},"end":{"line":128,"column":9}},"line":126},"10":{"name":"(anonymous_10)","decl":{"start":{"line":129,"column":15},"end":{"line":129,"column":16}},"loc":{"start":{"line":129,"column":26},"end":{"line":131,"column":9}},"line":129},"11":{"name":"(anonymous_11)","decl":{"start":{"line":143,"column":16},"end":{"line":143,"column":17}},"loc":{"start":{"line":143,"column":27},"end":{"line":154,"column":3}},"line":143},"12":{"name":"(anonymous_12)","decl":{"start":{"line":144,"column":11},"end":{"line":144,"column":12}},"loc":{"start":{"line":144,"column":25},"end":{"line":153,"column":5}},"line":144},"13":{"name":"(anonymous_13)","decl":{"start":{"line":147,"column":14},"end":{"line":147,"column":15}},"loc":{"start":{"line":147,"column":24},"end":{"line":149,"column":9}},"line":147},"14":{"name":"(anonymous_14)","decl":{"start":{"line":150,"column":15},"end":{"line":150,"column":16}},"loc":{"start":{"line":150,"column":26},"end":{"line":152,"column":9}},"line":150},"15":{"name":"(anonymous_15)","decl":{"start":{"line":162,"column":7},"end":{"line":162,"column":8}},"loc":{"start":{"line":162,"column":18},"end":{"line":180,"column":3}},"line":162},"16":{"name":"(anonymous_16)","decl":{"start":{"line":163,"column":11},"end":{"line":163,"column":12}},"loc":{"start":{"line":163,"column":25},"end":{"line":179,"column":5}},"line":163},"17":{"name":"(anonymous_17)","decl":{"start":{"line":166,"column":14},"end":{"line":166,"column":15}},"loc":{"start":{"line":166,"column":24},"end":{"line":175,"column":9}},"line":166},"18":{"name":"(anonymous_18)","decl":{"start":{"line":167,"column":51},"end":{"line":167,"column":52}},"loc":{"start":{"line":167,"column":60},"end":{"line":167,"column":69}},"line":167},"19":{"name":"(anonymous_19)","decl":{"start":{"line":176,"column":15},"end":{"line":176,"column":16}},"loc":{"start":{"line":176,"column":26},"end":{"line":178,"column":9}},"line":176},"20":{"name":"(anonymous_20)","decl":{"start":{"line":190,"column":10},"end":{"line":190,"column":11}},"loc":{"start":{"line":190,"column":20},"end":{"line":203,"column":3}},"line":190},"21":{"name":"(anonymous_21)","decl":{"start":{"line":191,"column":11},"end":{"line":191,"column":12}},"loc":{"start":{"line":191,"column":25},"end":{"line":202,"column":5}},"line":191},"22":{"name":"(anonymous_22)","decl":{"start":{"line":194,"column":14},"end":{"line":194,"column":15}},"loc":{"start":{"line":194,"column":20},"end":{"line":198,"column":9}},"line":194},"23":{"name":"(anonymous_23)","decl":{"start":{"line":199,"column":15},"end":{"line":199,"column":16}},"loc":{"start":{"line":199,"column":26},"end":{"line":201,"column":9}},"line":199},"24":{"name":"(anonymous_24)","decl":{"start":{"line":209,"column":65},"end":{"line":209,"column":66}},"loc":{"start":{"line":209,"column":89},"end":{"line":211,"column":5}},"line":209},"25":{"name":"(anonymous_25)","decl":{"start":{"line":212,"column":29},"end":{"line":212,"column":30}},"loc":{"start":{"line":212,"column":53},"end":{"line":214,"column":5}},"line":212},"26":{"name":"(anonymous_26)","decl":{"start":{"line":221,"column":65},"end":{"line":221,"column":66}},"loc":{"start":{"line":221,"column":89},"end":{"line":223,"column":5}},"line":221},"27":{"name":"(anonymous_27)","decl":{"start":{"line":224,"column":29},"end":{"line":224,"column":30}},"loc":{"start":{"line":224,"column":53},"end":{"line":226,"column":5}},"line":224},"28":{"name":"(anonymous_28)","decl":{"start":{"line":225,"column":26},"end":{"line":225,"column":27}},"loc":{"start":{"line":225,"column":34},"end":{"line":225,"column":51}},"line":225},"29":{"name":"(anonymous_29)","decl":{"start":{"line":233,"column":30},"end":{"line":233,"column":31}},"loc":{"start":{"line":233,"column":41},"end":{"line":238,"column":1}},"line":233},"30":{"name":"(anonymous_30)","decl":{"start":{"line":249,"column":2},"end":{"line":249,"column":3}},"loc":{"start":{"line":249,"column":27},"end":{"line":251,"column":3}},"line":249},"31":{"name":"(anonymous_31)","decl":{"start":{"line":250,"column":46},"end":{"line":250,"column":47}},"loc":{"start":{"line":250,"column":54},"end":{"line":250,"column":63}},"line":250}},"branchMap":{"0":{"loc":{"start":{"line":250,"column":11},"end":{"line":250,"column":65}},"type":"binary-expr","locations":[{"start":{"line":250,"column":11},"end":{"line":250,"column":19}},{"start":{"line":250,"column":23},"end":{"line":250,"column":65}}],"line":250}},"s":{"0":4,"1":4,"2":4,"3":4,"4":4,"5":9,"6":10,"7":4,"8":4,"9":4,"10":2,"11":4,"12":2,"13":2,"14":1,"15":2,"16":2,"17":1,"18":2,"19":2,"20":2,"21":2,"22":4,"23":2,"24":2,"25":2,"26":1,"27":1,"28":2,"29":2,"30":2,"31":1,"32":1,"33":2,"34":2,"35":2,"36":1,"37":1,"38":1,"39":1,"40":1,"41":2,"42":2,"43":2,"44":1,"45":1,"46":1,"47":1,"48":4,"49":4,"50":1,"51":4,"52":4,"53":1,"54":3,"55":4,"56":1,"57":4,"58":1,"59":3,"60":4},"f":{"0":9,"1":10,"2":4,"3":2,"4":4,"5":1,"6":1,"7":2,"8":2,"9":1,"10":1,"11":2,"12":2,"13":1,"14":1,"15":2,"16":2,"17":1,"18":1,"19":1,"20":2,"21":2,"22":1,"23":1,"24":4,"25":1,"26":4,"27":1,"28":3,"29":1,"30":1,"31":3},"b":{"0":[1,1]},"_coverageSchema":"332fd63041d2c1bcb487cc26dd0d5f7d97098a6c","hash":"b19d5881071dea7fe543277c04d40b26a4403edc"}
,"/Users/dmaia/SourceCode/Udacity/React Developer/reactnd-project-flashcards/src/store/modules/questions.js": {"path":"/Users/dmaia/SourceCode/Udacity/React Developer/reactnd-project-flashcards/src/store/modules/questions.js","statementMap":{"0":{"start":{"line":11,"column":33},"end":{"line":11,"column":46}},"1":{"start":{"line":12,"column":26},"end":{"line":12,"column":39}},"2":{"start":{"line":15,"column":21},"end":{"line":23,"column":1}},"3":{"start":{"line":25,"column":24},"end":{"line":25,"column":28}},"4":{"start":{"line":35,"column":4},"end":{"line":43,"column":2}},"5":{"start":{"line":36,"column":46},"end":{"line":36,"column":64}},"6":{"start":{"line":38,"column":44},"end":{"line":38,"column":66}},"7":{"start":{"line":41,"column":35},"end":{"line":41,"column":41}},"8":{"start":{"line":45,"column":23},"end":{"line":53,"column":1}},"9":{"start":{"line":56,"column":24},"end":{"line":125,"column":1}},"10":{"start":{"line":66,"column":4},"end":{"line":93,"column":6}},"11":{"start":{"line":67,"column":6},"end":{"line":67,"column":38}},"12":{"start":{"line":68,"column":6},"end":{"line":92,"column":11}},"13":{"start":{"line":70,"column":27},"end":{"line":70,"column":68}},"14":{"start":{"line":70,"column":58},"end":{"line":70,"column":67}},"15":{"start":{"line":71,"column":56},"end":{"line":77,"column":11}},"16":{"start":{"line":79,"column":10},"end":{"line":79,"column":75}},"17":{"start":{"line":79,"column":59},"end":{"line":79,"column":73}},"18":{"start":{"line":80,"column":56},"end":{"line":85,"column":11}},"19":{"start":{"line":87,"column":10},"end":{"line":87,"column":60}},"20":{"start":{"line":88,"column":10},"end":{"line":88,"column":56}},"21":{"start":{"line":91,"column":10},"end":{"line":91,"column":47}},"22":{"start":{"line":104,"column":4},"end":{"line":123,"column":6}},"23":{"start":{"line":105,"column":6},"end":{"line":105,"column":40}},"24":{"start":{"line":106,"column":6},"end":{"line":122,"column":11}},"25":{"start":{"line":108,"column":10},"end":{"line":118,"column":13}},"26":{"start":{"line":109,"column":31},"end":{"line":109,"column":72}},"27":{"start":{"line":109,"column":62},"end":{"line":109,"column":71}},"28":{"start":{"line":110,"column":38},"end":{"line":115,"column":13}},"29":{"start":{"line":116,"column":12},"end":{"line":116,"column":62}},"30":{"start":{"line":117,"column":12},"end":{"line":117,"column":50}},"31":{"start":{"line":121,"column":10},"end":{"line":121,"column":47}},"32":{"start":{"line":128,"column":19},"end":{"line":138,"column":1}},"33":{"start":{"line":131,"column":6},"end":{"line":131,"column":55}},"34":{"start":{"line":134,"column":6},"end":{"line":134,"column":50}},"35":{"start":{"line":140,"column":12},"end":{"line":150,"column":1}},"36":{"start":{"line":143,"column":6},"end":{"line":143,"column":40}},"37":{"start":{"line":146,"column":6},"end":{"line":146,"column":60}},"38":{"start":{"line":146,"column":34},"end":{"line":146,"column":58}}},"fnMap":{"0":{"name":"(anonymous_0)","decl":{"start":{"line":36,"column":25},"end":{"line":36,"column":26}},"loc":{"start":{"line":36,"column":46},"end":{"line":36,"column":64}},"line":36},"1":{"name":"(anonymous_1)","decl":{"start":{"line":38,"column":24},"end":{"line":38,"column":25}},"loc":{"start":{"line":38,"column":44},"end":{"line":38,"column":66}},"line":38},"2":{"name":"(anonymous_2)","decl":{"start":{"line":41,"column":26},"end":{"line":41,"column":27}},"loc":{"start":{"line":41,"column":35},"end":{"line":41,"column":41}},"line":41},"3":{"name":"(anonymous_3)","decl":{"start":{"line":65,"column":7},"end":{"line":65,"column":8}},"loc":{"start":{"line":65,"column":28},"end":{"line":94,"column":3}},"line":65},"4":{"name":"(anonymous_4)","decl":{"start":{"line":66,"column":11},"end":{"line":66,"column":12}},"loc":{"start":{"line":66,"column":25},"end":{"line":93,"column":5}},"line":66},"5":{"name":"(anonymous_5)","decl":{"start":{"line":69,"column":14},"end":{"line":69,"column":15}},"loc":{"start":{"line":69,"column":24},"end":{"line":89,"column":9}},"line":69},"6":{"name":"(anonymous_6)","decl":{"start":{"line":70,"column":49},"end":{"line":70,"column":50}},"loc":{"start":{"line":70,"column":58},"end":{"line":70,"column":67}},"line":70},"7":{"name":"(anonymous_7)","decl":{"start":{"line":79,"column":50},"end":{"line":79,"column":51}},"loc":{"start":{"line":79,"column":59},"end":{"line":79,"column":73}},"line":79},"8":{"name":"(anonymous_8)","decl":{"start":{"line":90,"column":15},"end":{"line":90,"column":16}},"loc":{"start":{"line":90,"column":26},"end":{"line":92,"column":9}},"line":90},"9":{"name":"(anonymous_9)","decl":{"start":{"line":103,"column":10},"end":{"line":103,"column":11}},"loc":{"start":{"line":103,"column":25},"end":{"line":124,"column":3}},"line":103},"10":{"name":"(anonymous_10)","decl":{"start":{"line":104,"column":11},"end":{"line":104,"column":12}},"loc":{"start":{"line":104,"column":25},"end":{"line":123,"column":5}},"line":104},"11":{"name":"(anonymous_11)","decl":{"start":{"line":107,"column":14},"end":{"line":107,"column":15}},"loc":{"start":{"line":107,"column":20},"end":{"line":119,"column":9}},"line":107},"12":{"name":"(anonymous_12)","decl":{"start":{"line":108,"column":37},"end":{"line":108,"column":38}},"loc":{"start":{"line":108,"column":47},"end":{"line":118,"column":11}},"line":108},"13":{"name":"(anonymous_13)","decl":{"start":{"line":109,"column":53},"end":{"line":109,"column":54}},"loc":{"start":{"line":109,"column":62},"end":{"line":109,"column":71}},"line":109},"14":{"name":"(anonymous_14)","decl":{"start":{"line":120,"column":15},"end":{"line":120,"column":16}},"loc":{"start":{"line":120,"column":26},"end":{"line":122,"column":9}},"line":120},"15":{"name":"(anonymous_15)","decl":{"start":{"line":130,"column":65},"end":{"line":130,"column":66}},"loc":{"start":{"line":130,"column":89},"end":{"line":132,"column":5}},"line":130},"16":{"name":"(anonymous_16)","decl":{"start":{"line":133,"column":29},"end":{"line":133,"column":30}},"loc":{"start":{"line":133,"column":53},"end":{"line":135,"column":5}},"line":133},"17":{"name":"(anonymous_17)","decl":{"start":{"line":142,"column":65},"end":{"line":142,"column":66}},"loc":{"start":{"line":142,"column":89},"end":{"line":144,"column":5}},"line":142},"18":{"name":"(anonymous_18)","decl":{"start":{"line":145,"column":29},"end":{"line":145,"column":30}},"loc":{"start":{"line":145,"column":53},"end":{"line":147,"column":5}},"line":145},"19":{"name":"(anonymous_19)","decl":{"start":{"line":146,"column":26},"end":{"line":146,"column":27}},"loc":{"start":{"line":146,"column":34},"end":{"line":146,"column":58}},"line":146}},"branchMap":{},"s":{"0":4,"1":4,"2":4,"3":4,"4":4,"5":6,"6":5,"7":6,"8":4,"9":4,"10":2,"11":2,"12":2,"13":1,"14":1,"15":1,"16":1,"17":1,"18":1,"19":1,"20":1,"21":1,"22":2,"23":2,"24":2,"25":1,"26":1,"27":1,"28":1,"29":1,"30":1,"31":1,"32":4,"33":3,"34":1,"35":4,"36":3,"37":1,"38":3},"f":{"0":6,"1":5,"2":6,"3":2,"4":2,"5":1,"6":1,"7":1,"8":1,"9":2,"10":2,"11":1,"12":1,"13":1,"14":1,"15":3,"16":1,"17":3,"18":1,"19":3},"b":{},"_coverageSchema":"332fd63041d2c1bcb487cc26dd0d5f7d97098a6c","hash":"4e9f5e58b278d6ad4bfff3fefcd126f9218b16d8"}
,"/Users/dmaia/SourceCode/Udacity/React Developer/reactnd-project-flashcards/src/store/modules/quizzes.js": {"path":"/Users/dmaia/SourceCode/Udacity/React Developer/reactnd-project-flashcards/src/store/modules/quizzes.js","statementMap":{"0":{"start":{"line":12,"column":33},"end":{"line":12,"column":46}},"1":{"start":{"line":13,"column":26},"end":{"line":13,"column":39}},"2":{"start":{"line":16,"column":21},"end":{"line":22,"column":1}},"3":{"start":{"line":24,"column":24},"end":{"line":24,"column":28}},"4":{"start":{"line":26,"column":79},"end":{"line":32,"column":2}},"5":{"start":{"line":27,"column":44},"end":{"line":27,"column":60}},"6":{"start":{"line":29,"column":42},"end":{"line":29,"column":62}},"7":{"start":{"line":31,"column":35},"end":{"line":31,"column":41}},"8":{"start":{"line":34,"column":23},"end":{"line":40,"column":1}},"9":{"start":{"line":43,"column":24},"end":{"line":83,"column":1}},"10":{"start":{"line":53,"column":4},"end":{"line":81,"column":6}},"11":{"start":{"line":54,"column":6},"end":{"line":54,"column":38}},"12":{"start":{"line":55,"column":6},"end":{"line":80,"column":11}},"13":{"start":{"line":57,"column":27},"end":{"line":57,"column":68}},"14":{"start":{"line":57,"column":58},"end":{"line":57,"column":67}},"15":{"start":{"line":58,"column":54},"end":{"line":64,"column":11}},"16":{"start":{"line":66,"column":10},"end":{"line":66,"column":71}},"17":{"start":{"line":66,"column":57},"end":{"line":66,"column":69}},"18":{"start":{"line":68,"column":55},"end":{"line":73,"column":11}},"19":{"start":{"line":75,"column":10},"end":{"line":75,"column":60}},"20":{"start":{"line":76,"column":10},"end":{"line":76,"column":57}},"21":{"start":{"line":79,"column":10},"end":{"line":79,"column":47}},"22":{"start":{"line":86,"column":19},"end":{"line":96,"column":1}},"23":{"start":{"line":89,"column":6},"end":{"line":89,"column":53}},"24":{"start":{"line":92,"column":6},"end":{"line":92,"column":50}},"25":{"start":{"line":98,"column":12},"end":{"line":108,"column":1}},"26":{"start":{"line":101,"column":6},"end":{"line":101,"column":40}},"27":{"start":{"line":104,"column":6},"end":{"line":104,"column":60}},"28":{"start":{"line":104,"column":34},"end":{"line":104,"column":58}},"29":{"start":{"line":114,"column":32},"end":{"line":119,"column":1}},"30":{"start":{"line":115,"column":2},"end":{"line":118,"column":4}},"31":{"start":{"line":128,"column":15},"end":{"line":133,"column":1}},"32":{"start":{"line":131,"column":4},"end":{"line":131,"column":68}},"33":{"start":{"line":131,"column":54},"end":{"line":131,"column":65}},"34":{"start":{"line":135,"column":25},"end":{"line":137,"column":1}}},"fnMap":{"0":{"name":"(anonymous_0)","decl":{"start":{"line":27,"column":25},"end":{"line":27,"column":26}},"loc":{"start":{"line":27,"column":44},"end":{"line":27,"column":60}},"line":27},"1":{"name":"(anonymous_1)","decl":{"start":{"line":29,"column":24},"end":{"line":29,"column":25}},"loc":{"start":{"line":29,"column":42},"end":{"line":29,"column":62}},"line":29},"2":{"name":"(anonymous_2)","decl":{"start":{"line":31,"column":26},"end":{"line":31,"column":27}},"loc":{"start":{"line":31,"column":35},"end":{"line":31,"column":41}},"line":31},"3":{"name":"(anonymous_3)","decl":{"start":{"line":52,"column":7},"end":{"line":52,"column":8}},"loc":{"start":{"line":52,"column":24},"end":{"line":82,"column":3}},"line":52},"4":{"name":"(anonymous_4)","decl":{"start":{"line":53,"column":11},"end":{"line":53,"column":12}},"loc":{"start":{"line":53,"column":25},"end":{"line":81,"column":5}},"line":53},"5":{"name":"(anonymous_5)","decl":{"start":{"line":56,"column":14},"end":{"line":56,"column":15}},"loc":{"start":{"line":56,"column":24},"end":{"line":77,"column":9}},"line":56},"6":{"name":"(anonymous_6)","decl":{"start":{"line":57,"column":49},"end":{"line":57,"column":50}},"loc":{"start":{"line":57,"column":58},"end":{"line":57,"column":67}},"line":57},"7":{"name":"(anonymous_7)","decl":{"start":{"line":66,"column":48},"end":{"line":66,"column":49}},"loc":{"start":{"line":66,"column":57},"end":{"line":66,"column":69}},"line":66},"8":{"name":"(anonymous_8)","decl":{"start":{"line":78,"column":15},"end":{"line":78,"column":16}},"loc":{"start":{"line":78,"column":26},"end":{"line":80,"column":9}},"line":78},"9":{"name":"(anonymous_9)","decl":{"start":{"line":88,"column":65},"end":{"line":88,"column":66}},"loc":{"start":{"line":88,"column":89},"end":{"line":90,"column":5}},"line":88},"10":{"name":"(anonymous_10)","decl":{"start":{"line":91,"column":29},"end":{"line":91,"column":30}},"loc":{"start":{"line":91,"column":53},"end":{"line":93,"column":5}},"line":91},"11":{"name":"(anonymous_11)","decl":{"start":{"line":100,"column":65},"end":{"line":100,"column":66}},"loc":{"start":{"line":100,"column":89},"end":{"line":102,"column":5}},"line":100},"12":{"name":"(anonymous_12)","decl":{"start":{"line":103,"column":29},"end":{"line":103,"column":30}},"loc":{"start":{"line":103,"column":53},"end":{"line":105,"column":5}},"line":103},"13":{"name":"(anonymous_13)","decl":{"start":{"line":104,"column":26},"end":{"line":104,"column":27}},"loc":{"start":{"line":104,"column":34},"end":{"line":104,"column":58}},"line":104},"14":{"name":"(anonymous_14)","decl":{"start":{"line":114,"column":32},"end":{"line":114,"column":33}},"loc":{"start":{"line":114,"column":43},"end":{"line":119,"column":1}},"line":114},"15":{"name":"(anonymous_15)","decl":{"start":{"line":130,"column":2},"end":{"line":130,"column":3}},"loc":{"start":{"line":130,"column":29},"end":{"line":132,"column":3}},"line":130},"16":{"name":"(anonymous_16)","decl":{"start":{"line":131,"column":46},"end":{"line":131,"column":47}},"loc":{"start":{"line":131,"column":54},"end":{"line":131,"column":65}},"line":131}},"branchMap":{"0":{"loc":{"start":{"line":131,"column":11},"end":{"line":131,"column":67}},"type":"binary-expr","locations":[{"start":{"line":131,"column":11},"end":{"line":131,"column":19}},{"start":{"line":131,"column":23},"end":{"line":131,"column":67}}],"line":131}},"s":{"0":4,"1":4,"2":4,"3":4,"4":4,"5":6,"6":5,"7":4,"8":4,"9":4,"10":2,"11":2,"12":2,"13":1,"14":1,"15":1,"16":1,"17":1,"18":1,"19":1,"20":1,"21":1,"22":4,"23":3,"24":1,"25":4,"26":3,"27":1,"28":3,"29":4,"30":1,"31":4,"32":1,"33":3,"34":4},"f":{"0":6,"1":5,"2":4,"3":2,"4":2,"5":1,"6":1,"7":1,"8":1,"9":3,"10":1,"11":3,"12":1,"13":3,"14":1,"15":1,"16":3},"b":{"0":[1,1]},"_coverageSchema":"332fd63041d2c1bcb487cc26dd0d5f7d97098a6c","hash":"2b6ca405878b942c5a97a617ba0a5956b8d6a62c"}
,"/Users/dmaia/SourceCode/Udacity/React Developer/reactnd-project-flashcards/src/store/modules/themes.js": {"path":"/Users/dmaia/SourceCode/Udacity/React Developer/reactnd-project-flashcards/src/store/modules/themes.js","statementMap":{"0":{"start":{"line":4,"column":22},"end":{"line":6,"column":2}},"1":{"start":{"line":9,"column":21},"end":{"line":11,"column":1}},"2":{"start":{"line":13,"column":24},"end":{"line":13,"column":28}},"3":{"start":{"line":15,"column":24},"end":{"line":17,"column":2}},"4":{"start":{"line":19,"column":23},"end":{"line":21,"column":1}},"5":{"start":{"line":24,"column":24},"end":{"line":34,"column":1}},"6":{"start":{"line":30,"column":4},"end":{"line":32,"column":6}},"7":{"start":{"line":31,"column":6},"end":{"line":31,"column":43}},"8":{"start":{"line":38,"column":68},"end":{"line":40,"column":5}}},"fnMap":{"0":{"name":"(anonymous_0)","decl":{"start":{"line":29,"column":15},"end":{"line":29,"column":16}},"loc":{"start":{"line":29,"column":26},"end":{"line":33,"column":3}},"line":29},"1":{"name":"(anonymous_1)","decl":{"start":{"line":30,"column":11},"end":{"line":30,"column":12}},"loc":{"start":{"line":30,"column":25},"end":{"line":32,"column":5}},"line":30},"2":{"name":"(anonymous_2)","decl":{"start":{"line":38,"column":43},"end":{"line":38,"column":44}},"loc":{"start":{"line":38,"column":68},"end":{"line":40,"column":5}},"line":38}},"branchMap":{},"s":{"0":1,"1":1,"2":1,"3":1,"4":1,"5":1,"6":1,"7":1,"8":1},"f":{"0":1,"1":1,"2":1},"b":{},"_coverageSchema":"332fd63041d2c1bcb487cc26dd0d5f7d97098a6c","hash":"eff6a0d7c7a7d2644283e2ebed7764ba14385d54"}
,"/Users/dmaia/SourceCode/Udacity/React Developer/reactnd-project-flashcards/src/store/schemas/decks.js": {"path":"/Users/dmaia/SourceCode/Udacity/React Developer/reactnd-project-flashcards/src/store/schemas/decks.js","statementMap":{"0":{"start":{"line":5,"column":19},"end":{"line":12,"column":1}},"1":{"start":{"line":11,"column":29},"end":{"line":11,"column":41}}},"fnMap":{"0":{"name":"(anonymous_0)","decl":{"start":{"line":11,"column":17},"end":{"line":11,"column":18}},"loc":{"start":{"line":11,"column":29},"end":{"line":11,"column":41}},"line":11}},"branchMap":{},"s":{"0":4,"1":16},"f":{"0":16},"b":{},"_coverageSchema":"332fd63041d2c1bcb487cc26dd0d5f7d97098a6c","hash":"04764415087e5537a3f3852d1d24e43affdaee7a"}
,"/Users/dmaia/SourceCode/Udacity/React Developer/reactnd-project-flashcards/src/store/schemas/index.js": {"path":"/Users/dmaia/SourceCode/Udacity/React Developer/reactnd-project-flashcards/src/store/schemas/index.js","statementMap":{},"fnMap":{},"branchMap":{},"s":{},"f":{},"b":{},"_coverageSchema":"332fd63041d2c1bcb487cc26dd0d5f7d97098a6c","hash":"35dfa4a3933a7ce2c7d01ab1e5408958250004f2"}
,"/Users/dmaia/SourceCode/Udacity/React Developer/reactnd-project-flashcards/src/store/schemas/questions.js": {"path":"/Users/dmaia/SourceCode/Udacity/React Developer/reactnd-project-flashcards/src/store/schemas/questions.js","statementMap":{"0":{"start":{"line":4,"column":23},"end":{"line":4,"column":57}}},"fnMap":{},"branchMap":{},"s":{"0":4},"f":{},"b":{},"_coverageSchema":"332fd63041d2c1bcb487cc26dd0d5f7d97098a6c","hash":"0f50a0f108d612915004e79ecafb444ec7d76ff1"}
,"/Users/dmaia/SourceCode/Udacity/React Developer/reactnd-project-flashcards/src/store/schemas/quizzes.js": {"path":"/Users/dmaia/SourceCode/Udacity/React Developer/reactnd-project-flashcards/src/store/schemas/quizzes.js","statementMap":{"0":{"start":{"line":5,"column":19},"end":{"line":11,"column":1}}},"fnMap":{},"branchMap":{},"s":{"0":4},"f":{},"b":{},"_coverageSchema":"332fd63041d2c1bcb487cc26dd0d5f7d97098a6c","hash":"bc85f57d553594d45742c26107fbfdd81405603c"}
,"/Users/dmaia/SourceCode/Udacity/React Developer/reactnd-project-flashcards/tests/setup.js": {"path":"/Users/dmaia/SourceCode/Udacity/React Developer/reactnd-project-flashcards/tests/setup.js","statementMap":{"0":{"start":{"line":3,"column":0},"end":{"line":8,"column":3}},"1":{"start":{"line":4,"column":15},"end":{"line":4,"column":37}},"2":{"start":{"line":5,"column":2},"end":{"line":7,"column":4}}},"fnMap":{"0":{"name":"(anonymous_0)","decl":{"start":{"line":3,"column":26},"end":{"line":3,"column":27}},"loc":{"start":{"line":3,"column":32},"end":{"line":8,"column":1}},"line":3}},"branchMap":{},"s":{"0":6,"1":5,"2":5},"f":{"0":5},"b":{},"_coverageSchema":"332fd63041d2c1bcb487cc26dd0d5f7d97098a6c","hash":"e01a36ce4d9e21796a9173c1b2ecc1fdaf39d1fe"}
,"/Users/dmaia/SourceCode/Udacity/React Developer/reactnd-project-flashcards/tests/stubs/deck.js": {"path":"/Users/dmaia/SourceCode/Udacity/React Developer/reactnd-project-flashcards/tests/stubs/deck.js","statementMap":{},"fnMap":{},"branchMap":{},"s":{},"f":{},"b":{},"_coverageSchema":"332fd63041d2c1bcb487cc26dd0d5f7d97098a6c","hash":"010f3fa9a387e997f5ac94cdd45cd0870d9f5eb8"}
,"/Users/dmaia/SourceCode/Udacity/React Developer/reactnd-project-flashcards/tests/stubs/question.js": {"path":"/Users/dmaia/SourceCode/Udacity/React Developer/reactnd-project-flashcards/tests/stubs/question.js","statementMap":{},"fnMap":{},"branchMap":{},"s":{},"f":{},"b":{},"_coverageSchema":"332fd63041d2c1bcb487cc26dd0d5f7d97098a6c","hash":"c05e75607e2cbf92ce9546f920ad36dcacda6097"}
,"/Users/dmaia/SourceCode/Udacity/React Developer/reactnd-project-flashcards/tests/stubs/quiz.js": {"path":"/Users/dmaia/SourceCode/Udacity/React Developer/reactnd-project-flashcards/tests/stubs/quiz.js","statementMap":{},"fnMap":{},"branchMap":{},"s":{},"f":{},"b":{},"_coverageSchema":"332fd63041d2c1bcb487cc26dd0d5f7d97098a6c","hash":"87de4e66dfea35b56f8fb17dd6a7d5fe11af5ed6"}
}
