{"/Users/dmaia/SourceCode/Udacity/React Developer/reactnd-project-flashcards/src/api/ServerAPI.js": {"path":"/Users/dmaia/SourceCode/Udacity/React Developer/reactnd-project-flashcards/src/api/ServerAPI.js","statementMap":{"0":{"start":{"line":3,"column":20},"end":{"line":3,"column":41}},"1":{"start":{"line":10,"column":2},"end":{"line":12,"column":5}},"2":{"start":{"line":11,"column":4},"end":{"line":11,"column":40}},"3":{"start":{"line":21,"column":2},"end":{"line":23,"column":5}},"4":{"start":{"line":22,"column":4},"end":{"line":22,"column":87}},"5":{"start":{"line":31,"column":14},"end":{"line":31,"column":30}},"6":{"start":{"line":32,"column":16},"end":{"line":35,"column":3}},"7":{"start":{"line":37,"column":2},"end":{"line":37,"column":59}},"8":{"start":{"line":39,"column":2},"end":{"line":39,"column":24}},"9":{"start":{"line":48,"column":14},"end":{"line":48,"column":30}},"10":{"start":{"line":49,"column":16},"end":{"line":52,"column":3}},"11":{"start":{"line":54,"column":2},"end":{"line":54,"column":59}},"12":{"start":{"line":56,"column":2},"end":{"line":56,"column":24}},"13":{"start":{"line":64,"column":2},"end":{"line":70,"column":5}},"14":{"start":{"line":65,"column":17},"end":{"line":65,"column":36}},"15":{"start":{"line":66,"column":4},"end":{"line":66,"column":28}},"16":{"start":{"line":67,"column":4},"end":{"line":67,"column":23}},"17":{"start":{"line":68,"column":4},"end":{"line":68,"column":60}},"18":{"start":{"line":69,"column":4},"end":{"line":69,"column":16}},"19":{"start":{"line":79,"column":2},"end":{"line":84,"column":5}},"20":{"start":{"line":80,"column":17},"end":{"line":80,"column":36}},"21":{"start":{"line":81,"column":4},"end":{"line":81,"column":77}},"22":{"start":{"line":81,"column":64},"end":{"line":81,"column":75}},"23":{"start":{"line":82,"column":4},"end":{"line":82,"column":60}},"24":{"start":{"line":83,"column":4},"end":{"line":83,"column":16}}},"fnMap":{"0":{"name":"getDecks","decl":{"start":{"line":9,"column":22},"end":{"line":9,"column":30}},"loc":{"start":{"line":9,"column":33},"end":{"line":13,"column":1}},"line":9},"1":{"name":"(anonymous_1)","decl":{"start":{"line":10,"column":48},"end":{"line":10,"column":49}},"loc":{"start":{"line":10,"column":58},"end":{"line":12,"column":3}},"line":10},"2":{"name":"getDeck","decl":{"start":{"line":20,"column":22},"end":{"line":20,"column":29}},"loc":{"start":{"line":20,"column":37},"end":{"line":24,"column":1}},"line":20},"3":{"name":"(anonymous_3)","decl":{"start":{"line":21,"column":48},"end":{"line":21,"column":49}},"loc":{"start":{"line":21,"column":58},"end":{"line":23,"column":3}},"line":21},"4":{"name":"saveDeck","decl":{"start":{"line":30,"column":22},"end":{"line":30,"column":30}},"loc":{"start":{"line":30,"column":38},"end":{"line":40,"column":1}},"line":30},"5":{"name":"saveCard","decl":{"start":{"line":47,"column":22},"end":{"line":47,"column":30}},"loc":{"start":{"line":47,"column":44},"end":{"line":57,"column":1}},"line":47},"6":{"name":"removeDeck","decl":{"start":{"line":63,"column":22},"end":{"line":63,"column":32}},"loc":{"start":{"line":63,"column":40},"end":{"line":71,"column":1}},"line":63},"7":{"name":"(anonymous_7)","decl":{"start":{"line":64,"column":48},"end":{"line":64,"column":49}},"loc":{"start":{"line":64,"column":61},"end":{"line":70,"column":3}},"line":64},"8":{"name":"removeCard","decl":{"start":{"line":78,"column":16},"end":{"line":78,"column":26}},"loc":{"start":{"line":78,"column":38},"end":{"line":85,"column":1}},"line":78},"9":{"name":"(anonymous_9)","decl":{"start":{"line":79,"column":48},"end":{"line":79,"column":49}},"loc":{"start":{"line":79,"column":61},"end":{"line":84,"column":3}},"line":79},"10":{"name":"(anonymous_10)","decl":{"start":{"line":81,"column":57},"end":{"line":81,"column":58}},"loc":{"start":{"line":81,"column":64},"end":{"line":81,"column":75}},"line":81}},"branchMap":{"0":{"loc":{"start":{"line":11,"column":11},"end":{"line":11,"column":39}},"type":"cond-expr","locations":[{"start":{"line":11,"column":18},"end":{"line":11,"column":34}},{"start":{"line":11,"column":37},"end":{"line":11,"column":39}}],"line":11},"1":{"loc":{"start":{"line":22,"column":11},"end":{"line":22,"column":86}},"type":"cond-expr","locations":[{"start":{"line":22,"column":45},"end":{"line":22,"column":81}},{"start":{"line":22,"column":84},"end":{"line":22,"column":86}}],"line":22},"2":{"loc":{"start":{"line":22,"column":11},"end":{"line":22,"column":42}},"type":"binary-expr","locations":[{"start":{"line":22,"column":11},"end":{"line":22,"column":15}},{"start":{"line":22,"column":19},"end":{"line":22,"column":42}}],"line":22}},"s":{"0":2,"1":36,"2":36,"3":37,"4":37,"5":27,"6":27,"7":27,"8":27,"9":6,"10":6,"11":6,"12":6,"13":2,"14":2,"15":2,"16":2,"17":2,"18":2,"19":1,"20":1,"21":1,"22":2,"23":1,"24":1},"f":{"0":36,"1":36,"2":37,"3":37,"4":27,"5":6,"6":2,"7":2,"8":1,"9":1,"10":2},"b":{"0":[33,3],"1":[36,1],"2":[37,37]},"_coverageSchema":"332fd63041d2c1bcb487cc26dd0d5f7d97098a6c","hash":"96bfeafdf1b65034062322216ebee6607f960b93"}
,"/Users/dmaia/SourceCode/Udacity/React Developer/reactnd-project-flashcards/src/store/modules/decks.js": {"path":"/Users/dmaia/SourceCode/Udacity/React Developer/reactnd-project-flashcards/src/store/modules/decks.js","statementMap":{"0":{"start":{"line":7,"column":33},"end":{"line":7,"column":46}},"1":{"start":{"line":9,"column":26},"end":{"line":9,"column":39}},"2":{"start":{"line":12,"column":21},"end":{"line":22,"column":1}},"3":{"start":{"line":24,"column":24},"end":{"line":24,"column":28}},"4":{"start":{"line":36,"column":4},"end":{"line":46,"column":2}},"5":{"start":{"line":48,"column":23},"end":{"line":58,"column":1}},"6":{"start":{"line":61,"column":24},"end":{"line":137,"column":1}},"7":{"start":{"line":69,"column":4},"end":{"line":78,"column":6}},"8":{"start":{"line":70,"column":6},"end":{"line":70,"column":39}},"9":{"start":{"line":71,"column":6},"end":{"line":77,"column":11}},"10":{"start":{"line":73,"column":10},"end":{"line":73,"column":48}},"11":{"start":{"line":76,"column":10},"end":{"line":76,"column":48}},"12":{"start":{"line":88,"column":4},"end":{"line":97,"column":6}},"13":{"start":{"line":89,"column":6},"end":{"line":89,"column":39}},"14":{"start":{"line":90,"column":6},"end":{"line":96,"column":11}},"15":{"start":{"line":92,"column":10},"end":{"line":92,"column":47}},"16":{"start":{"line":95,"column":10},"end":{"line":95,"column":48}},"17":{"start":{"line":107,"column":4},"end":{"line":116,"column":6}},"18":{"start":{"line":108,"column":6},"end":{"line":108,"column":38}},"19":{"start":{"line":109,"column":6},"end":{"line":115,"column":11}},"20":{"start":{"line":111,"column":10},"end":{"line":111,"column":46}},"21":{"start":{"line":114,"column":10},"end":{"line":114,"column":47}},"22":{"start":{"line":126,"column":4},"end":{"line":135,"column":6}},"23":{"start":{"line":127,"column":6},"end":{"line":127,"column":40}},"24":{"start":{"line":128,"column":6},"end":{"line":134,"column":11}},"25":{"start":{"line":130,"column":10},"end":{"line":130,"column":48}},"26":{"start":{"line":133,"column":10},"end":{"line":133,"column":49}},"27":{"start":{"line":140,"column":19},"end":{"line":148,"column":1}},"28":{"start":{"line":143,"column":6},"end":{"line":143,"column":45}},"29":{"start":{"line":145,"column":53},"end":{"line":145,"column":86}},"30":{"start":{"line":150,"column":12},"end":{"line":158,"column":1}},"31":{"start":{"line":153,"column":6},"end":{"line":153,"column":48}},"32":{"start":{"line":155,"column":53},"end":{"line":155,"column":87}},"33":{"start":{"line":155,"column":73},"end":{"line":155,"column":86}}},"fnMap":{"0":{"name":"(anonymous_0)","decl":{"start":{"line":68,"column":9},"end":{"line":68,"column":10}},"loc":{"start":{"line":68,"column":15},"end":{"line":79,"column":3}},"line":68},"1":{"name":"(anonymous_1)","decl":{"start":{"line":69,"column":11},"end":{"line":69,"column":12}},"loc":{"start":{"line":69,"column":25},"end":{"line":78,"column":5}},"line":69},"2":{"name":"(anonymous_2)","decl":{"start":{"line":72,"column":14},"end":{"line":72,"column":15}},"loc":{"start":{"line":72,"column":25},"end":{"line":74,"column":9}},"line":72},"3":{"name":"(anonymous_3)","decl":{"start":{"line":75,"column":15},"end":{"line":75,"column":16}},"loc":{"start":{"line":75,"column":26},"end":{"line":77,"column":9}},"line":75},"4":{"name":"(anonymous_4)","decl":{"start":{"line":87,"column":16},"end":{"line":87,"column":17}},"loc":{"start":{"line":87,"column":27},"end":{"line":98,"column":3}},"line":87},"5":{"name":"(anonymous_5)","decl":{"start":{"line":88,"column":11},"end":{"line":88,"column":12}},"loc":{"start":{"line":88,"column":25},"end":{"line":97,"column":5}},"line":88},"6":{"name":"(anonymous_6)","decl":{"start":{"line":91,"column":14},"end":{"line":91,"column":15}},"loc":{"start":{"line":91,"column":24},"end":{"line":93,"column":9}},"line":91},"7":{"name":"(anonymous_7)","decl":{"start":{"line":94,"column":15},"end":{"line":94,"column":16}},"loc":{"start":{"line":94,"column":26},"end":{"line":96,"column":9}},"line":94},"8":{"name":"(anonymous_8)","decl":{"start":{"line":106,"column":7},"end":{"line":106,"column":8}},"loc":{"start":{"line":106,"column":18},"end":{"line":117,"column":3}},"line":106},"9":{"name":"(anonymous_9)","decl":{"start":{"line":107,"column":11},"end":{"line":107,"column":12}},"loc":{"start":{"line":107,"column":25},"end":{"line":116,"column":5}},"line":107},"10":{"name":"(anonymous_10)","decl":{"start":{"line":110,"column":14},"end":{"line":110,"column":15}},"loc":{"start":{"line":110,"column":24},"end":{"line":112,"column":9}},"line":110},"11":{"name":"(anonymous_11)","decl":{"start":{"line":113,"column":15},"end":{"line":113,"column":16}},"loc":{"start":{"line":113,"column":26},"end":{"line":115,"column":9}},"line":113},"12":{"name":"(anonymous_12)","decl":{"start":{"line":125,"column":10},"end":{"line":125,"column":11}},"loc":{"start":{"line":125,"column":21},"end":{"line":136,"column":3}},"line":125},"13":{"name":"(anonymous_13)","decl":{"start":{"line":126,"column":11},"end":{"line":126,"column":12}},"loc":{"start":{"line":126,"column":25},"end":{"line":135,"column":5}},"line":126},"14":{"name":"(anonymous_14)","decl":{"start":{"line":129,"column":14},"end":{"line":129,"column":15}},"loc":{"start":{"line":129,"column":24},"end":{"line":131,"column":9}},"line":129},"15":{"name":"(anonymous_15)","decl":{"start":{"line":132,"column":15},"end":{"line":132,"column":16}},"loc":{"start":{"line":132,"column":26},"end":{"line":134,"column":9}},"line":132},"16":{"name":"(anonymous_16)","decl":{"start":{"line":142,"column":65},"end":{"line":142,"column":66}},"loc":{"start":{"line":142,"column":89},"end":{"line":144,"column":5}},"line":142},"17":{"name":"(anonymous_17)","decl":{"start":{"line":145,"column":29},"end":{"line":145,"column":30}},"loc":{"start":{"line":145,"column":53},"end":{"line":145,"column":86}},"line":145},"18":{"name":"(anonymous_18)","decl":{"start":{"line":152,"column":65},"end":{"line":152,"column":66}},"loc":{"start":{"line":152,"column":89},"end":{"line":154,"column":5}},"line":152},"19":{"name":"(anonymous_19)","decl":{"start":{"line":155,"column":29},"end":{"line":155,"column":30}},"loc":{"start":{"line":155,"column":53},"end":{"line":155,"column":87}},"line":155},"20":{"name":"(anonymous_20)","decl":{"start":{"line":155,"column":66},"end":{"line":155,"column":67}},"loc":{"start":{"line":155,"column":73},"end":{"line":155,"column":86}},"line":155}},"branchMap":{},"s":{"0":1,"1":1,"2":1,"3":1,"4":1,"5":1,"6":1,"7":2,"8":2,"9":2,"10":1,"11":1,"12":2,"13":2,"14":2,"15":1,"16":1,"17":2,"18":2,"19":2,"20":1,"21":1,"22":2,"23":2,"24":2,"25":1,"26":1,"27":1,"28":4,"29":1,"30":1,"31":4,"32":1,"33":3},"f":{"0":2,"1":2,"2":1,"3":1,"4":2,"5":2,"6":1,"7":1,"8":2,"9":2,"10":1,"11":1,"12":2,"13":2,"14":1,"15":1,"16":4,"17":1,"18":4,"19":1,"20":3},"b":{},"_coverageSchema":"332fd63041d2c1bcb487cc26dd0d5f7d97098a6c","hash":"1d4f40b535e910d00eb877f833f5ffd1004dde7d"}
,"/Users/dmaia/SourceCode/Udacity/React Developer/reactnd-project-flashcards/tests/setup.js": {"path":"/Users/dmaia/SourceCode/Udacity/React Developer/reactnd-project-flashcards/tests/setup.js","statementMap":{"0":{"start":{"line":3,"column":0},"end":{"line":8,"column":3}},"1":{"start":{"line":4,"column":15},"end":{"line":4,"column":37}},"2":{"start":{"line":5,"column":2},"end":{"line":7,"column":4}}},"fnMap":{"0":{"name":"(anonymous_0)","decl":{"start":{"line":3,"column":26},"end":{"line":3,"column":27}},"loc":{"start":{"line":3,"column":32},"end":{"line":8,"column":1}},"line":3}},"branchMap":{},"s":{"0":2,"1":2,"2":2},"f":{"0":2},"b":{},"_coverageSchema":"332fd63041d2c1bcb487cc26dd0d5f7d97098a6c","hash":"e01a36ce4d9e21796a9173c1b2ecc1fdaf39d1fe"}
,"/Users/dmaia/SourceCode/Udacity/React Developer/reactnd-project-flashcards/tests/stubs/card.js": {"path":"/Users/dmaia/SourceCode/Udacity/React Developer/reactnd-project-flashcards/tests/stubs/card.js","statementMap":{},"fnMap":{},"branchMap":{},"s":{},"f":{},"b":{},"_coverageSchema":"332fd63041d2c1bcb487cc26dd0d5f7d97098a6c","hash":"829b13bc935e8ca036cc8be650e0e24739dc482e"}
,"/Users/dmaia/SourceCode/Udacity/React Developer/reactnd-project-flashcards/tests/stubs/deck.js": {"path":"/Users/dmaia/SourceCode/Udacity/React Developer/reactnd-project-flashcards/tests/stubs/deck.js","statementMap":{},"fnMap":{},"branchMap":{},"s":{},"f":{},"b":{},"_coverageSchema":"332fd63041d2c1bcb487cc26dd0d5f7d97098a6c","hash":"010f3fa9a387e997f5ac94cdd45cd0870d9f5eb8"}
}
