TN:
SF:/Users/dmaia/SourceCode/Courses/Udacity/React Developer/reactnd-project-flashcards/src/api/ServerAPI.js
FN:10,getDecks
FN:11,(anonymous_1)
FN:21,getDeck
FN:22,(anonymous_3)
FN:31,saveDeck
FN:48,saveCard
FN:64,removeDeck
FN:65,(anonymous_7)
FN:78,removeCard
FN:79,(anonymous_9)
FN:81,(anonymous_10)
FN:92,saveQuiz
FNF:12
FNH:12
FNDA:93,getDecks
FNDA:93,(anonymous_1)
FNDA:94,getDeck
FNDA:94,(anonymous_3)
FNDA:77,saveDeck
FNDA:8,saveCard
FNDA:2,removeDeck
FNDA:2,(anonymous_7)
FNDA:2,removeCard
FNDA:2,(anonymous_9)
FNDA:2,(anonymous_10)
FNDA:3,saveQuiz
DA:4,5
DA:11,93
DA:12,93
DA:22,94
DA:23,94
DA:32,77
DA:33,77
DA:38,77
DA:40,77
DA:49,8
DA:50,8
DA:55,8
DA:57,8
DA:65,2
DA:66,2
DA:67,2
DA:68,2
DA:69,2
DA:79,2
DA:80,2
DA:81,2
DA:82,2
DA:93,3
DA:94,3
DA:95,3
DA:100,3
DA:102,3
LF:27
LH:27
BRDA:12,0,0,88
BRDA:12,0,1,5
BRDA:23,1,0,93
BRDA:23,1,1,1
BRDA:23,2,0,94
BRDA:23,2,1,94
BRF:6
BRH:6
end_of_record
TN:
SF:/Users/dmaia/SourceCode/Courses/Udacity/React Developer/reactnd-project-flashcards/src/helpers/normalize.js
FN:5,(anonymous_0)
FN:8,(anonymous_1)
FNF:2
FNH:2
FNDA:12,(anonymous_0)
FNDA:30,(anonymous_1)
DA:6,12
DA:8,12
DA:9,30
DA:11,30
DA:14,12
LF:5
LH:5
BRF:0
BRH:0
end_of_record
TN:
SF:/Users/dmaia/SourceCode/Courses/Udacity/React Developer/reactnd-project-flashcards/src/store/modules/app.js
FN:21,(anonymous_0)
FN:33,(anonymous_1)
FN:44,(anonymous_2)
FNF:3
FNH:3
FNDA:1,(anonymous_0)
FNDA:1,(anonymous_1)
FNDA:1,(anonymous_2)
DA:7,1
DA:21,1
DA:33,1
DA:44,1
LF:4
LH:4
BRF:0
BRH:0
end_of_record
TN:
SF:/Users/dmaia/SourceCode/Courses/Udacity/React Developer/reactnd-project-flashcards/src/store/modules/decks.js
FN:38,(anonymous_0)
FN:41,(anonymous_1)
FN:44,(anonymous_2)
FN:59,(anonymous_3)
FN:60,(anonymous_4)
FN:70,(anonymous_5)
FN:79,(anonymous_6)
FN:103,(anonymous_7)
FN:104,(anonymous_8)
FN:107,(anonymous_9)
FN:110,(anonymous_10)
FN:124,(anonymous_11)
FN:125,(anonymous_12)
FN:128,(anonymous_13)
FN:131,(anonymous_14)
FN:143,(anonymous_15)
FN:144,(anonymous_16)
FN:147,(anonymous_17)
FN:148,(anonymous_18)
FN:157,(anonymous_19)
FN:171,(anonymous_20)
FN:172,(anonymous_21)
FN:175,(anonymous_22)
FN:180,(anonymous_23)
FN:195,(anonymous_24)
FN:198,(anonymous_25)
FN:207,(anonymous_26)
FN:210,(anonymous_27)
FN:211,(anonymous_28)
FN:219,(anonymous_29)
FN:235,(anonymous_30)
FN:236,(anonymous_31)
FNF:32
FNH:32
FNDA:7,(anonymous_0)
FNDA:6,(anonymous_1)
FNDA:4,(anonymous_2)
FNDA:2,(anonymous_3)
FNDA:4,(anonymous_4)
FNDA:1,(anonymous_5)
FNDA:1,(anonymous_6)
FNDA:2,(anonymous_7)
FNDA:2,(anonymous_8)
FNDA:1,(anonymous_9)
FNDA:1,(anonymous_10)
FNDA:2,(anonymous_11)
FNDA:2,(anonymous_12)
FNDA:1,(anonymous_13)
FNDA:1,(anonymous_14)
FNDA:2,(anonymous_15)
FNDA:2,(anonymous_16)
FNDA:1,(anonymous_17)
FNDA:1,(anonymous_18)
FNDA:1,(anonymous_19)
FNDA:2,(anonymous_20)
FNDA:2,(anonymous_21)
FNDA:1,(anonymous_22)
FNDA:1,(anonymous_23)
FNDA:4,(anonymous_24)
FNDA:1,(anonymous_25)
FNDA:4,(anonymous_26)
FNDA:1,(anonymous_27)
FNDA:3,(anonymous_28)
FNDA:1,(anonymous_29)
FNDA:1,(anonymous_30)
FNDA:3,(anonymous_31)
DA:16,2
DA:18,2
DA:21,2
DA:33,2
DA:35,2
DA:38,7
DA:41,6
DA:44,4
DA:59,2
DA:60,4
DA:61,2
DA:70,2
DA:72,2
DA:79,2
DA:81,2
DA:88,2
DA:89,2
DA:90,2
DA:94,2
DA:104,2
DA:105,2
DA:106,2
DA:108,1
DA:111,1
DA:125,2
DA:126,2
DA:127,2
DA:129,1
DA:132,1
DA:144,2
DA:145,2
DA:146,2
DA:148,1
DA:149,1
DA:155,1
DA:158,1
DA:172,2
DA:173,2
DA:174,2
DA:176,1
DA:177,1
DA:178,1
DA:181,1
DA:188,2
DA:196,4
DA:199,1
DA:205,2
DA:208,4
DA:211,3
DA:219,2
DA:220,1
DA:233,2
DA:236,3
DA:240,2
LF:54
LH:54
BRDA:236,0,0,1
BRDA:236,0,1,1
BRF:2
BRH:2
end_of_record
TN:
SF:/Users/dmaia/SourceCode/Courses/Udacity/React Developer/reactnd-project-flashcards/src/store/modules/questions.js
FN:29,(anonymous_0)
FN:31,(anonymous_1)
FN:34,(anonymous_2)
FN:36,(anonymous_3)
FN:50,(anonymous_4)
FN:51,(anonymous_5)
FN:54,(anonymous_6)
FN:55,(anonymous_7)
FN:64,(anonymous_8)
FN:75,(anonymous_9)
FN:88,(anonymous_10)
FN:89,(anonymous_11)
FN:92,(anonymous_12)
FN:93,(anonymous_13)
FN:94,(anonymous_14)
FN:105,(anonymous_15)
FN:115,(anonymous_16)
FN:121,(anonymous_17)
FN:130,(anonymous_18)
FN:136,(anonymous_19)
FN:137,(anonymous_20)
FNF:21
FNH:21
FNDA:6,(anonymous_0)
FNDA:5,(anonymous_1)
FNDA:6,(anonymous_2)
FNDA:5,(anonymous_3)
FNDA:2,(anonymous_4)
FNDA:2,(anonymous_5)
FNDA:1,(anonymous_6)
FNDA:1,(anonymous_7)
FNDA:1,(anonymous_8)
FNDA:1,(anonymous_9)
FNDA:2,(anonymous_10)
FNDA:2,(anonymous_11)
FNDA:1,(anonymous_12)
FNDA:1,(anonymous_13)
FNDA:1,(anonymous_14)
FNDA:1,(anonymous_15)
FNDA:3,(anonymous_16)
FNDA:1,(anonymous_17)
FNDA:3,(anonymous_18)
FNDA:1,(anonymous_19)
FNDA:3,(anonymous_20)
DA:10,3
DA:11,3
DA:14,3
DA:25,3
DA:27,3
DA:29,6
DA:31,5
DA:34,6
DA:36,5
DA:41,3
DA:51,2
DA:52,2
DA:53,2
DA:55,1
DA:56,1
DA:64,1
DA:65,1
DA:72,1
DA:73,1
DA:76,1
DA:89,2
DA:90,2
DA:91,2
DA:93,1
DA:94,1
DA:95,1
DA:101,1
DA:102,1
DA:106,1
DA:113,3
DA:119,3
DA:122,1
DA:128,3
DA:134,3
DA:137,3
LF:35
LH:35
BRF:0
BRH:0
end_of_record
TN:
SF:/Users/dmaia/SourceCode/Courses/Udacity/React Developer/reactnd-project-flashcards/src/store/modules/quizzes.js
FN:28,(anonymous_0)
FN:30,(anonymous_1)
FN:32,(anonymous_2)
FN:33,(anonymous_3)
FN:47,(anonymous_4)
FN:48,(anonymous_5)
FN:51,(anonymous_6)
FN:52,(anonymous_7)
FN:61,(anonymous_8)
FN:73,(anonymous_9)
FN:83,(anonymous_10)
FN:86,(anonymous_11)
FN:95,(anonymous_12)
FN:98,(anonymous_13)
FN:99,(anonymous_14)
FN:109,(anonymous_15)
FN:125,(anonymous_16)
FN:126,(anonymous_17)
FN:137,(anonymous_18)
FN:140,(anonymous_19)
FN:141,(anonymous_20)
FNF:21
FNH:21
FNDA:6,(anonymous_0)
FNDA:5,(anonymous_1)
FNDA:4,(anonymous_2)
FNDA:3,(anonymous_3)
FNDA:2,(anonymous_4)
FNDA:2,(anonymous_5)
FNDA:1,(anonymous_6)
FNDA:1,(anonymous_7)
FNDA:1,(anonymous_8)
FNDA:1,(anonymous_9)
FNDA:3,(anonymous_10)
FNDA:1,(anonymous_11)
FNDA:3,(anonymous_12)
FNDA:1,(anonymous_13)
FNDA:3,(anonymous_14)
FNDA:2,(anonymous_15)
FNDA:1,(anonymous_16)
FNDA:3,(anonymous_17)
FNDA:1,(anonymous_18)
FNDA:1,(anonymous_19)
FNDA:3,(anonymous_20)
DA:11,3
DA:12,3
DA:15,3
DA:24,3
DA:26,3
DA:28,6
DA:30,5
DA:32,4
DA:33,3
DA:38,3
DA:48,2
DA:49,2
DA:50,2
DA:52,1
DA:53,1
DA:61,1
DA:63,1
DA:70,1
DA:71,1
DA:74,1
DA:81,3
DA:84,3
DA:87,1
DA:93,3
DA:96,3
DA:99,3
DA:109,3
DA:110,2
DA:123,3
DA:126,3
DA:137,3
DA:138,1
DA:141,3
DA:146,3
LF:34
LH:34
BRDA:126,0,0,1
BRDA:126,0,1,1
BRDA:141,1,0,1
BRDA:141,1,1,1
BRF:4
BRH:4
end_of_record
TN:
SF:/Users/dmaia/SourceCode/Courses/Udacity/React Developer/reactnd-project-flashcards/src/store/modules/themes.js
FN:27,(anonymous_0)
FN:28,(anonymous_1)
FN:36,(anonymous_2)
FNF:3
FNH:3
FNDA:1,(anonymous_0)
FNDA:1,(anonymous_1)
FNDA:1,(anonymous_2)
DA:4,1
DA:9,1
DA:13,1
DA:15,1
DA:22,1
DA:28,1
DA:29,1
DA:36,1
LF:8
LH:8
BRF:0
BRH:0
end_of_record
TN:
SF:/Users/dmaia/SourceCode/Courses/Udacity/React Developer/reactnd-project-flashcards/src/store/schemas/decks.js
FN:11,(anonymous_0)
FNF:1
FNH:1
FNDA:16,(anonymous_0)
DA:5,4
DA:11,16
LF:2
LH:2
BRF:0
BRH:0
end_of_record
TN:
SF:/Users/dmaia/SourceCode/Courses/Udacity/React Developer/reactnd-project-flashcards/src/store/schemas/index.js
FNF:0
FNH:0
LF:0
LH:0
BRF:0
BRH:0
end_of_record
TN:
SF:/Users/dmaia/SourceCode/Courses/Udacity/React Developer/reactnd-project-flashcards/src/store/schemas/questions.js
FNF:0
FNH:0
DA:4,4
LF:1
LH:1
BRF:0
BRH:0
end_of_record
TN:
SF:/Users/dmaia/SourceCode/Courses/Udacity/React Developer/reactnd-project-flashcards/src/store/schemas/quizzes.js
FNF:0
FNH:0
DA:5,4
LF:1
LH:1
BRF:0
BRH:0
end_of_record
TN:
SF:/Users/dmaia/SourceCode/Courses/Udacity/React Developer/reactnd-project-flashcards/tests/setup.js
FN:3,(anonymous_0)
FNF:1
FNH:1
FNDA:5,(anonymous_0)
DA:3,6
DA:4,5
DA:5,5
LF:3
LH:3
BRF:0
BRH:0
end_of_record
TN:
SF:/Users/dmaia/SourceCode/Courses/Udacity/React Developer/reactnd-project-flashcards/tests/stubs/deck.js
FNF:0
FNH:0
LF:0
LH:0
BRF:0
BRH:0
end_of_record
TN:
SF:/Users/dmaia/SourceCode/Courses/Udacity/React Developer/reactnd-project-flashcards/tests/stubs/question.js
FNF:0
FNH:0
LF:0
LH:0
BRF:0
BRH:0
end_of_record
TN:
SF:/Users/dmaia/SourceCode/Courses/Udacity/React Developer/reactnd-project-flashcards/tests/stubs/quiz.js
FNF:0
FNH:0
LF:0
LH:0
BRF:0
BRH:0
end_of_record
