TN:
SF:/Users/dmaia/SourceCode/Udacity/React Developer/reactnd-project-flashcards/src/api/ServerAPI.js
FN:10,getDecks
FN:11,(anonymous_1)
FN:21,getDeck
FN:22,(anonymous_3)
FN:31,saveDeck
FN:48,saveCard
FN:64,removeDeck
FN:65,(anonymous_7)
FN:78,removeCard
FN:79,(anonymous_9)
FN:81,(anonymous_10)
FN:92,saveQuiz
FNF:12
FNH:12
FNDA:91,getDecks
FNDA:91,(anonymous_1)
FNDA:92,getDeck
FNDA:92,(anonymous_3)
FNDA:75,saveDeck
FNDA:8,saveCard
FNDA:2,removeDeck
FNDA:2,(anonymous_7)
FNDA:2,removeCard
FNDA:2,(anonymous_9)
FNDA:2,(anonymous_10)
FNDA:3,saveQuiz
DA:4,5
DA:11,91
DA:12,91
DA:22,92
DA:23,92
DA:32,75
DA:33,75
DA:38,75
DA:40,75
DA:49,8
DA:50,8
DA:55,8
DA:57,8
DA:65,2
DA:66,2
DA:67,2
DA:68,2
DA:69,2
DA:79,2
DA:80,2
DA:81,2
DA:82,2
DA:93,3
DA:94,3
DA:95,3
DA:100,3
DA:102,3
LF:27
LH:27
BRDA:12,0,0,86
BRDA:12,0,1,5
BRDA:23,1,0,91
BRDA:23,1,1,1
BRDA:23,2,0,92
BRDA:23,2,1,92
BRF:6
BRH:6
end_of_record
TN:
SF:/Users/dmaia/SourceCode/Udacity/React Developer/reactnd-project-flashcards/src/helpers/normalize.js
FN:5,(anonymous_0)
FN:8,(anonymous_1)
FNF:2
FNH:2
FNDA:12,(anonymous_0)
FNDA:30,(anonymous_1)
DA:6,12
DA:8,12
DA:9,30
DA:11,30
DA:14,12
LF:5
LH:5
BRF:0
BRH:0
end_of_record
TN:
SF:/Users/dmaia/SourceCode/Udacity/React Developer/reactnd-project-flashcards/src/store/modules/app.js
FN:20,(anonymous_0)
FN:32,(anonymous_1)
FN:43,(anonymous_2)
FNF:3
FNH:3
FNDA:1,(anonymous_0)
FNDA:1,(anonymous_1)
FNDA:1,(anonymous_2)
DA:6,1
DA:20,1
DA:32,1
DA:43,1
LF:4
LH:4
BRF:0
BRH:0
end_of_record
TN:
SF:/Users/dmaia/SourceCode/Udacity/React Developer/reactnd-project-flashcards/src/store/modules/decks.js
FN:46,(anonymous_0)
FN:49,(anonymous_1)
FN:52,(anonymous_2)
FN:78,(anonymous_3)
FN:79,(anonymous_4)
FN:89,(anonymous_5)
FN:98,(anonymous_6)
FN:122,(anonymous_7)
FN:123,(anonymous_8)
FN:126,(anonymous_9)
FN:129,(anonymous_10)
FN:143,(anonymous_11)
FN:144,(anonymous_12)
FN:147,(anonymous_13)
FN:150,(anonymous_14)
FN:162,(anonymous_15)
FN:163,(anonymous_16)
FN:166,(anonymous_17)
FN:167,(anonymous_18)
FN:176,(anonymous_19)
FN:190,(anonymous_20)
FN:191,(anonymous_21)
FN:194,(anonymous_22)
FN:199,(anonymous_23)
FN:209,(anonymous_24)
FN:212,(anonymous_25)
FN:221,(anonymous_26)
FN:224,(anonymous_27)
FN:225,(anonymous_28)
FN:233,(anonymous_29)
FN:249,(anonymous_30)
FN:250,(anonymous_31)
FNF:32
FNH:32
FNDA:9,(anonymous_0)
FNDA:10,(anonymous_1)
FNDA:4,(anonymous_2)
FNDA:2,(anonymous_3)
FNDA:4,(anonymous_4)
FNDA:1,(anonymous_5)
FNDA:1,(anonymous_6)
FNDA:2,(anonymous_7)
FNDA:2,(anonymous_8)
FNDA:1,(anonymous_9)
FNDA:1,(anonymous_10)
FNDA:2,(anonymous_11)
FNDA:2,(anonymous_12)
FNDA:1,(anonymous_13)
FNDA:1,(anonymous_14)
FNDA:2,(anonymous_15)
FNDA:2,(anonymous_16)
FNDA:1,(anonymous_17)
FNDA:1,(anonymous_18)
FNDA:1,(anonymous_19)
FNDA:2,(anonymous_20)
FNDA:2,(anonymous_21)
FNDA:1,(anonymous_22)
FNDA:1,(anonymous_23)
FNDA:4,(anonymous_24)
FNDA:1,(anonymous_25)
FNDA:4,(anonymous_26)
FNDA:1,(anonymous_27)
FNDA:3,(anonymous_28)
FNDA:1,(anonymous_29)
FNDA:1,(anonymous_30)
FNDA:3,(anonymous_31)
DA:15,4
DA:17,4
DA:20,4
DA:32,4
DA:44,4
DA:46,9
DA:49,10
DA:52,4
DA:56,4
DA:78,4
DA:79,4
DA:80,2
DA:89,2
DA:91,2
DA:98,2
DA:100,2
DA:107,2
DA:108,2
DA:109,2
DA:113,4
DA:123,2
DA:124,2
DA:125,2
DA:127,1
DA:130,1
DA:144,2
DA:145,2
DA:146,2
DA:148,1
DA:151,1
DA:163,2
DA:164,2
DA:165,2
DA:167,1
DA:168,1
DA:174,1
DA:177,1
DA:191,2
DA:192,2
DA:193,2
DA:195,1
DA:196,1
DA:197,1
DA:200,1
DA:207,4
DA:210,4
DA:213,1
DA:219,4
DA:222,4
DA:225,3
DA:233,4
DA:234,1
DA:247,4
DA:250,3
DA:254,4
LF:55
LH:55
BRDA:250,0,0,1
BRDA:250,0,1,1
BRF:2
BRH:2
end_of_record
TN:
SF:/Users/dmaia/SourceCode/Udacity/React Developer/reactnd-project-flashcards/src/store/modules/questions.js
FN:36,(anonymous_0)
FN:38,(anonymous_1)
FN:41,(anonymous_2)
FN:65,(anonymous_3)
FN:66,(anonymous_4)
FN:69,(anonymous_5)
FN:70,(anonymous_6)
FN:79,(anonymous_7)
FN:90,(anonymous_8)
FN:103,(anonymous_9)
FN:104,(anonymous_10)
FN:107,(anonymous_11)
FN:108,(anonymous_12)
FN:109,(anonymous_13)
FN:120,(anonymous_14)
FN:130,(anonymous_15)
FN:133,(anonymous_16)
FN:142,(anonymous_17)
FN:145,(anonymous_18)
FN:146,(anonymous_19)
FNF:20
FNH:20
FNDA:6,(anonymous_0)
FNDA:5,(anonymous_1)
FNDA:6,(anonymous_2)
FNDA:2,(anonymous_3)
FNDA:2,(anonymous_4)
FNDA:1,(anonymous_5)
FNDA:1,(anonymous_6)
FNDA:1,(anonymous_7)
FNDA:1,(anonymous_8)
FNDA:2,(anonymous_9)
FNDA:2,(anonymous_10)
FNDA:1,(anonymous_11)
FNDA:1,(anonymous_12)
FNDA:1,(anonymous_13)
FNDA:1,(anonymous_14)
FNDA:3,(anonymous_15)
FNDA:1,(anonymous_16)
FNDA:3,(anonymous_17)
FNDA:1,(anonymous_18)
FNDA:3,(anonymous_19)
DA:11,4
DA:12,4
DA:15,4
DA:25,4
DA:35,4
DA:36,6
DA:38,5
DA:41,6
DA:45,4
DA:56,4
DA:66,2
DA:67,2
DA:68,2
DA:70,1
DA:71,1
DA:79,1
DA:80,1
DA:87,1
DA:88,1
DA:91,1
DA:104,2
DA:105,2
DA:106,2
DA:108,1
DA:109,1
DA:110,1
DA:116,1
DA:117,1
DA:121,1
DA:128,4
DA:131,3
DA:134,1
DA:140,4
DA:143,3
DA:146,3
LF:35
LH:35
BRF:0
BRH:0
end_of_record
TN:
SF:/Users/dmaia/SourceCode/Udacity/React Developer/reactnd-project-flashcards/src/store/modules/quizzes.js
FN:27,(anonymous_0)
FN:29,(anonymous_1)
FN:31,(anonymous_2)
FN:52,(anonymous_3)
FN:53,(anonymous_4)
FN:56,(anonymous_5)
FN:57,(anonymous_6)
FN:66,(anonymous_7)
FN:78,(anonymous_8)
FN:88,(anonymous_9)
FN:91,(anonymous_10)
FN:100,(anonymous_11)
FN:103,(anonymous_12)
FN:104,(anonymous_13)
FN:114,(anonymous_14)
FN:130,(anonymous_15)
FN:131,(anonymous_16)
FNF:17
FNH:17
FNDA:6,(anonymous_0)
FNDA:5,(anonymous_1)
FNDA:4,(anonymous_2)
FNDA:2,(anonymous_3)
FNDA:2,(anonymous_4)
FNDA:1,(anonymous_5)
FNDA:1,(anonymous_6)
FNDA:1,(anonymous_7)
FNDA:1,(anonymous_8)
FNDA:3,(anonymous_9)
FNDA:1,(anonymous_10)
FNDA:3,(anonymous_11)
FNDA:1,(anonymous_12)
FNDA:3,(anonymous_13)
FNDA:1,(anonymous_14)
FNDA:1,(anonymous_15)
FNDA:3,(anonymous_16)
DA:12,4
DA:13,4
DA:16,4
DA:24,4
DA:26,4
DA:27,6
DA:29,5
DA:31,4
DA:34,4
DA:43,4
DA:53,2
DA:54,2
DA:55,2
DA:57,1
DA:58,1
DA:66,1
DA:68,1
DA:75,1
DA:76,1
DA:79,1
DA:86,4
DA:89,3
DA:92,1
DA:98,4
DA:101,3
DA:104,3
DA:114,4
DA:115,1
DA:128,4
DA:131,3
DA:135,4
LF:31
LH:31
BRDA:131,0,0,1
BRDA:131,0,1,1
BRF:2
BRH:2
end_of_record
TN:
SF:/Users/dmaia/SourceCode/Udacity/React Developer/reactnd-project-flashcards/src/store/modules/themes.js
FN:29,(anonymous_0)
FN:30,(anonymous_1)
FN:38,(anonymous_2)
FNF:3
FNH:3
FNDA:1,(anonymous_0)
FNDA:1,(anonymous_1)
FNDA:1,(anonymous_2)
DA:4,1
DA:9,1
DA:13,1
DA:15,1
DA:19,1
DA:24,1
DA:30,1
DA:31,1
DA:38,1
LF:9
LH:9
BRF:0
BRH:0
end_of_record
TN:
SF:/Users/dmaia/SourceCode/Udacity/React Developer/reactnd-project-flashcards/src/store/schemas/decks.js
FN:11,(anonymous_0)
FNF:1
FNH:1
FNDA:16,(anonymous_0)
DA:5,4
DA:11,16
LF:2
LH:2
BRF:0
BRH:0
end_of_record
TN:
SF:/Users/dmaia/SourceCode/Udacity/React Developer/reactnd-project-flashcards/src/store/schemas/index.js
FNF:0
FNH:0
LF:0
LH:0
BRF:0
BRH:0
end_of_record
TN:
SF:/Users/dmaia/SourceCode/Udacity/React Developer/reactnd-project-flashcards/src/store/schemas/questions.js
FNF:0
FNH:0
DA:4,4
LF:1
LH:1
BRF:0
BRH:0
end_of_record
TN:
SF:/Users/dmaia/SourceCode/Udacity/React Developer/reactnd-project-flashcards/src/store/schemas/quizzes.js
FNF:0
FNH:0
DA:5,4
LF:1
LH:1
BRF:0
BRH:0
end_of_record
TN:
SF:/Users/dmaia/SourceCode/Udacity/React Developer/reactnd-project-flashcards/tests/setup.js
FN:3,(anonymous_0)
FNF:1
FNH:1
FNDA:5,(anonymous_0)
DA:3,6
DA:4,5
DA:5,5
LF:3
LH:3
BRF:0
BRH:0
end_of_record
TN:
SF:/Users/dmaia/SourceCode/Udacity/React Developer/reactnd-project-flashcards/tests/stubs/deck.js
FNF:0
FNH:0
LF:0
LH:0
BRF:0
BRH:0
end_of_record
TN:
SF:/Users/dmaia/SourceCode/Udacity/React Developer/reactnd-project-flashcards/tests/stubs/question.js
FNF:0
FNH:0
LF:0
LH:0
BRF:0
BRH:0
end_of_record
TN:
SF:/Users/dmaia/SourceCode/Udacity/React Developer/reactnd-project-flashcards/tests/stubs/quiz.js
FNF:0
FNH:0
LF:0
LH:0
BRF:0
BRH:0
end_of_record
